[ 2018-07-17T08:57:40+08:00 ] 127.0.0.1 /
INFO: [ app_init ] --START--
INFO: Run Behavior\BuildLiteBehavior [ RunTime:0.000000s ]
INFO: [ app_init ] --END-- [ RunTime:0.023002s ]
INFO: [ app_begin ] --START--
INFO: Run Behavior\ReadHtmlCacheBehavior [ RunTime:0.023001s ]
INFO: [ app_begin ] --END-- [ RunTime:0.023001s ]
INFO: [ view_parse ] --START--
INFO: Run Behavior\ParseTemplateBehavior [ RunTime:0.005000s ]
INFO: [ view_parse ] --END-- [ RunTime:0.005000s ]
INFO: [ view_filter ] --START--
INFO: Run Behavior\WriteHtmlCacheBehavior [ RunTime:0.016001s ]
INFO: [ view_filter ] --END-- [ RunTime:0.016001s ]
INFO: [ app_end ] --START--
INFO: Run Behavior\ShowPageTraceBehavior [ RunTime:0.011001s ]
INFO: [ app_end ] --END-- [ RunTime:0.011001s ]

[ 2018-07-17T08:58:14+08:00 ] 127.0.0.1 /index.php?m=home&c=User&a=login
INFO: [ app_init ] --START--
INFO: Run Behavior\BuildLiteBehavior [ RunTime:0.000000s ]
INFO: [ app_init ] --END-- [ RunTime:0.002000s ]
INFO: [ app_begin ] --START--
INFO: Run Behavior\ReadHtmlCacheBehavior [ RunTime:0.006000s ]
INFO: [ app_begin ] --END-- [ RunTime:0.006000s ]

[ 2018-07-17T09:02:58+08:00 ] 127.0.0.1 /index.php?m=home&c=User&a=login&username=382709807%40qq.com&password=123456
INFO: [ app_init ] --START--
INFO: Run Behavior\BuildLiteBehavior [ RunTime:0.001000s ]
INFO: [ app_init ] --END-- [ RunTime:0.014001s ]
INFO: [ app_begin ] --START--
INFO: Run Behavior\ReadHtmlCacheBehavior [ RunTime:0.021001s ]
INFO: [ app_begin ] --END-- [ RunTime:0.021001s ]
SQL: SHOW COLUMNS FROM `php2018_member` [ RunTime:0.209012s ]
SQL: SELECT * FROM `php2018_member` WHERE ( `email` = '382709807@qq.com' ) LIMIT 1   [ RunTime:0.045002s ]

[ 2018-07-17T09:04:27+08:00 ] 127.0.0.1 /index.php?m=home&c=User&a=login&username=382709807%40qq.com&password=123456
INFO: [ app_init ] --START--
INFO: Run Behavior\BuildLiteBehavior [ RunTime:0.000000s ]
INFO: [ app_init ] --END-- [ RunTime:0.002001s ]
INFO: [ app_begin ] --START--
INFO: Run Behavior\ReadHtmlCacheBehavior [ RunTime:0.006001s ]
INFO: [ app_begin ] --END-- [ RunTime:0.006001s ]
SQL: SHOW COLUMNS FROM `php2018_member` [ RunTime:0.004000s ]
SQL: SELECT * FROM `php2018_member` WHERE ( `email` = '382709807@qq.com' ) LIMIT 1   [ RunTime:0.000000s ]

[ 2018-07-17T09:05:37+08:00 ] 127.0.0.1 /index.php?m=home&c=User&a=login&username=382709807%40qq.com&password=123456
INFO: [ app_init ] --START--
INFO: Run Behavior\BuildLiteBehavior [ RunTime:0.000000s ]
INFO: [ app_init ] --END-- [ RunTime:0.002000s ]
INFO: [ app_begin ] --START--
INFO: Run Behavior\ReadHtmlCacheBehavior [ RunTime:0.006000s ]
INFO: [ app_begin ] --END-- [ RunTime:0.007000s ]
SQL: SHOW COLUMNS FROM `php2018_member` [ RunTime:0.004000s ]
SQL: SELECT * FROM `php2018_member` WHERE ( `email` = '382709807@qq.com' ) LIMIT 1   [ RunTime:0.000000s ]

[ 2018-07-17T09:05:53+08:00 ] 127.0.0.1 /index.php?m=home&c=User&a=login&username=382709807%40qq.com&password=123456
INFO: [ app_init ] --START--
INFO: Run Behavior\BuildLiteBehavior [ RunTime:0.000000s ]
INFO: [ app_init ] --END-- [ RunTime:0.002000s ]
INFO: [ app_begin ] --START--
INFO: Run Behavior\ReadHtmlCacheBehavior [ RunTime:0.006000s ]
INFO: [ app_begin ] --END-- [ RunTime:0.006000s ]
SQL: SHOW COLUMNS FROM `php2018_member` [ RunTime:0.004001s ]
SQL: SELECT * FROM `php2018_member` WHERE ( `email` = '382709807@qq.com' ) LIMIT 1   [ RunTime:0.000000s ]

[ 2018-07-17T09:08:25+08:00 ] 127.0.0.1 /index.php?m=home&c=User&a=login&username=382709807%40qq.com&password=123456
INFO: [ app_init ] --START--
INFO: Run Behavior\BuildLiteBehavior [ RunTime:0.000000s ]
INFO: [ app_init ] --END-- [ RunTime:0.002000s ]
INFO: [ app_begin ] --START--
INFO: Run Behavior\ReadHtmlCacheBehavior [ RunTime:0.006000s ]
INFO: [ app_begin ] --END-- [ RunTime:0.006000s ]
SQL: SHOW COLUMNS FROM `php2018_member` [ RunTime:0.004000s ]
SQL: SELECT * FROM `php2018_member` WHERE ( `email` = '382709807@qq.com' ) LIMIT 1   [ RunTime:0.001000s ]

[ 2018-07-17T09:09:32+08:00 ] 127.0.0.1 /index.php?m=home&c=User&a=login&username=382709807%40qq.com&password=123456
INFO: [ app_init ] --START--
INFO: Run Behavior\BuildLiteBehavior [ RunTime:0.000000s ]
INFO: [ app_init ] --END-- [ RunTime:0.002000s ]
INFO: [ app_begin ] --START--
INFO: Run Behavior\ReadHtmlCacheBehavior [ RunTime:0.005000s ]
INFO: [ app_begin ] --END-- [ RunTime:0.005000s ]
SQL: SHOW COLUMNS FROM `php2018_member` [ RunTime:0.004001s ]
SQL: SELECT * FROM `php2018_member` WHERE ( `email` = '382709807@qq.com' ) LIMIT 1   [ RunTime:0.001000s ]

[ 2018-07-17T09:27:44+08:00 ] 127.0.0.1 /index.php?m=home&c=User&a=login
INFO: [ app_init ] --START--
INFO: Run Behavior\BuildLiteBehavior [ RunTime:0.001000s ]
INFO: [ app_init ] --END-- [ RunTime:0.007000s ]
INFO: [ app_begin ] --START--
INFO: Run Behavior\ReadHtmlCacheBehavior [ RunTime:0.010000s ]
INFO: [ app_begin ] --END-- [ RunTime:0.010000s ]

[ 2018-07-17T10:06:39+08:00 ] 127.0.0.1 /index.php?m=home&c=User&a=login
INFO: [ app_init ] --START--
INFO: Run Behavior\BuildLiteBehavior [ RunTime:0.000000s ]
INFO: [ app_init ] --END-- [ RunTime:0.007001s ]
INFO: [ app_begin ] --START--
INFO: Run Behavior\ReadHtmlCacheBehavior [ RunTime:0.011001s ]
INFO: [ app_begin ] --END-- [ RunTime:0.012001s ]

[ 2018-07-17T10:08:13+08:00 ] 127.0.0.1 /index.php?m=home&c=User&a=login&username=382709807%40qq.com&password=123456
INFO: [ app_init ] --START--
INFO: Run Behavior\BuildLiteBehavior [ RunTime:0.000000s ]
INFO: [ app_init ] --END-- [ RunTime:0.002000s ]
INFO: [ app_begin ] --START--
INFO: Run Behavior\ReadHtmlCacheBehavior [ RunTime:0.006001s ]
INFO: [ app_begin ] --END-- [ RunTime:0.006001s ]
SQL: SHOW COLUMNS FROM `php2018_member` [ RunTime:0.003001s ]
SQL: SELECT * FROM `php2018_member` WHERE ( `email` = '382709807@qq.com' ) LIMIT 1   [ RunTime:0.000000s ]

[ 2018-07-17T10:13:51+08:00 ] 127.0.0.1 /index.php?m=home&c=User&a=login&username=382709807%40qq.com&password=123456
INFO: [ app_init ] --START--
INFO: Run Behavior\BuildLiteBehavior [ RunTime:0.000000s ]
INFO: [ app_init ] --END-- [ RunTime:0.002000s ]
INFO: [ app_begin ] --START--
INFO: Run Behavior\ReadHtmlCacheBehavior [ RunTime:0.006000s ]
INFO: [ app_begin ] --END-- [ RunTime:0.006000s ]
SQL: SHOW COLUMNS FROM `php2018_member` [ RunTime:0.004000s ]
SQL: SELECT * FROM `php2018_member` WHERE ( `email` = '382709807@qq.com' ) LIMIT 1   [ RunTime:0.001000s ]

[ 2018-07-17T10:14:20+08:00 ] 127.0.0.1 /index.php?m=home&c=User&a=login&username=382709807%40qq6.com&password=123456
INFO: [ app_init ] --START--
INFO: Run Behavior\BuildLiteBehavior [ RunTime:0.000000s ]
INFO: [ app_init ] --END-- [ RunTime:0.002000s ]
INFO: [ app_begin ] --START--
INFO: Run Behavior\ReadHtmlCacheBehavior [ RunTime:0.006000s ]
INFO: [ app_begin ] --END-- [ RunTime:0.006000s ]
SQL: SHOW COLUMNS FROM `php2018_member` [ RunTime:0.004001s ]
SQL: SELECT * FROM `php2018_member` WHERE ( `email` = '382709807@qq6.com' ) LIMIT 1   [ RunTime:0.001000s ]

[ 2018-07-17T10:14:38+08:00 ] 127.0.0.1 /index.php?m=home&c=User&a=login&username=382709807%40qq.com&password=123456
INFO: [ app_init ] --START--
INFO: Run Behavior\BuildLiteBehavior [ RunTime:0.000000s ]
INFO: [ app_init ] --END-- [ RunTime:0.001000s ]
INFO: [ app_begin ] --START--
INFO: Run Behavior\ReadHtmlCacheBehavior [ RunTime:0.006000s ]
INFO: [ app_begin ] --END-- [ RunTime:0.006000s ]
SQL: SHOW COLUMNS FROM `php2018_member` [ RunTime:0.003000s ]
SQL: SELECT * FROM `php2018_member` WHERE ( `email` = '382709807@qq.com' ) LIMIT 1   [ RunTime:0.001000s ]

[ 2018-07-17T10:20:36+08:00 ] 127.0.0.1 /index.php?m=home&c=User&a=login&username=382709807%40qq.com&password=123456
INFO: [ app_init ] --START--
INFO: Run Behavior\BuildLiteBehavior [ RunTime:0.000000s ]
INFO: [ app_init ] --END-- [ RunTime:0.002000s ]
INFO: [ app_begin ] --START--
INFO: Run Behavior\ReadHtmlCacheBehavior [ RunTime:0.005000s ]
INFO: [ app_begin ] --END-- [ RunTime:0.005000s ]
SQL: SHOW COLUMNS FROM `php2018_member` [ RunTime:0.003000s ]
SQL: SELECT * FROM `php2018_member` WHERE ( `email` = '382709807@qq.com' ) LIMIT 1   [ RunTime:0.000000s ]

[ 2018-07-17T10:36:29+08:00 ] 127.0.0.1 /index.php?m=home&c=User&a=login&username=382709807%40qq.com&password=123456
INFO: [ app_init ] --START--
INFO: Run Behavior\BuildLiteBehavior [ RunTime:0.000000s ]
INFO: [ app_init ] --END-- [ RunTime:0.002000s ]
INFO: [ app_begin ] --START--
INFO: Run Behavior\ReadHtmlCacheBehavior [ RunTime:0.005001s ]
INFO: [ app_begin ] --END-- [ RunTime:0.005001s ]
SQL: SHOW COLUMNS FROM `php2018_member` [ RunTime:0.003000s ]
SQL: SELECT * FROM `php2018_member` WHERE ( `email` = '382709807@qq.com' ) LIMIT 1   [ RunTime:0.001000s ]

[ 2018-07-17T10:37:26+08:00 ] 127.0.0.1 /index.php?m=home&c=User&a=login&username=382709807%40qq.com&password=1111111111111
INFO: [ app_init ] --START--
INFO: Run Behavior\BuildLiteBehavior [ RunTime:0.000000s ]
INFO: [ app_init ] --END-- [ RunTime:0.002000s ]
INFO: [ app_begin ] --START--
INFO: Run Behavior\ReadHtmlCacheBehavior [ RunTime:0.006000s ]
INFO: [ app_begin ] --END-- [ RunTime:0.006000s ]
SQL: SHOW COLUMNS FROM `php2018_member` [ RunTime:0.003000s ]
SQL: SELECT * FROM `php2018_member` WHERE ( `email` = '382709807@qq.com' ) LIMIT 1   [ RunTime:0.000000s ]

[ 2018-07-17T10:39:08+08:00 ] 127.0.0.1 /index.php?m=home&c=User&a=login&username=111&password=11111111
INFO: [ app_init ] --START--
INFO: Run Behavior\BuildLiteBehavior [ RunTime:0.000000s ]
INFO: [ app_init ] --END-- [ RunTime:0.002001s ]
INFO: [ app_begin ] --START--
INFO: Run Behavior\ReadHtmlCacheBehavior [ RunTime:0.006001s ]
INFO: [ app_begin ] --END-- [ RunTime:0.006001s ]
SQL: SHOW COLUMNS FROM `php2018_member` [ RunTime:0.004000s ]
SQL: SELECT * FROM `php2018_member` WHERE ( `email` = '111' ) LIMIT 1   [ RunTime:0.001000s ]

[ 2018-07-17T10:41:57+08:00 ] 127.0.0.1 /index.php?m=home&c=User&a=login&username=382709807%40qq.com&password=123456
INFO: [ app_init ] --START--
INFO: Run Behavior\BuildLiteBehavior [ RunTime:0.000000s ]
INFO: [ app_init ] --END-- [ RunTime:0.002001s ]
INFO: [ app_begin ] --START--
INFO: Run Behavior\ReadHtmlCacheBehavior [ RunTime:0.005001s ]
INFO: [ app_begin ] --END-- [ RunTime:0.005001s ]
SQL: SHOW COLUMNS FROM `php2018_member` [ RunTime:0.004000s ]
SQL: SELECT * FROM `php2018_member` WHERE ( `email` = '382709807@qq.com' ) LIMIT 1   [ RunTime:0.000000s ]

[ 2018-07-17T11:00:38+08:00 ] 127.0.0.1 /index.php?m=home&c=User&a=login&username=382709807%40qq.com&password=123456
INFO: [ app_init ] --START--
INFO: Run Behavior\BuildLiteBehavior [ RunTime:0.000000s ]
INFO: [ app_init ] --END-- [ RunTime:0.007000s ]
INFO: [ app_begin ] --START--
INFO: Run Behavior\ReadHtmlCacheBehavior [ RunTime:0.012000s ]
INFO: [ app_begin ] --END-- [ RunTime:0.013000s ]
SQL: SHOW COLUMNS FROM `php2018_member` [ RunTime:0.004000s ]
SQL: SELECT * FROM `php2018_member` WHERE ( `email` = '382709807@qq.com' ) LIMIT 1   [ RunTime:0.001000s ]

[ 2018-07-17T11:01:40+08:00 ] 127.0.0.1 /index.php?m=home&c=User&a=login&username=382709807%40qq.com&password=123456
INFO: [ app_init ] --START--
INFO: Run Behavior\BuildLiteBehavior [ RunTime:0.000000s ]
INFO: [ app_init ] --END-- [ RunTime:0.002001s ]
INFO: [ app_begin ] --START--
INFO: Run Behavior\ReadHtmlCacheBehavior [ RunTime:0.005001s ]
INFO: [ app_begin ] --END-- [ RunTime:0.005001s ]
SQL: SHOW COLUMNS FROM `php2018_member` [ RunTime:0.004000s ]
SQL: SELECT * FROM `php2018_member` WHERE ( `email` = '382709807@qq.com' ) LIMIT 1   [ RunTime:0.000000s ]

[ 2018-07-17T11:03:02+08:00 ] 127.0.0.1 /index.php?m=home&c=User&a=login&username=382709807%40qq.com&password=123456
INFO: [ app_init ] --START--
INFO: Run Behavior\BuildLiteBehavior [ RunTime:0.000000s ]
INFO: [ app_init ] --END-- [ RunTime:0.002000s ]
INFO: [ app_begin ] --START--
INFO: Run Behavior\ReadHtmlCacheBehavior [ RunTime:0.005000s ]
INFO: [ app_begin ] --END-- [ RunTime:0.005000s ]
SQL: SHOW COLUMNS FROM `php2018_member` [ RunTime:0.004001s ]
SQL: SELECT * FROM `php2018_member` WHERE ( `email` = '382709807@qq.com' ) LIMIT 1   [ RunTime:0.001000s ]

[ 2018-07-17T11:03:24+08:00 ] 127.0.0.1 /index.php?m=home&c=User&a=login&username=382709807%40qq.com&password=123456
INFO: [ app_init ] --START--
INFO: Run Behavior\BuildLiteBehavior [ RunTime:0.000000s ]
INFO: [ app_init ] --END-- [ RunTime:0.002000s ]
INFO: [ app_begin ] --START--
INFO: Run Behavior\ReadHtmlCacheBehavior [ RunTime:0.005000s ]
INFO: [ app_begin ] --END-- [ RunTime:0.005000s ]
SQL: SHOW COLUMNS FROM `php2018_member` [ RunTime:0.003000s ]
SQL: SELECT * FROM `php2018_member` WHERE ( `email` = '382709807@qq.com' ) LIMIT 1   [ RunTime:0.000000s ]

[ 2018-07-17T11:03:25+08:00 ] 127.0.0.1 /index.php?m=home&c=User&a=login&username=382709807%40qq.com&password=123456
INFO: [ app_init ] --START--
INFO: Run Behavior\BuildLiteBehavior [ RunTime:0.000000s ]
INFO: [ app_init ] --END-- [ RunTime:0.002000s ]
INFO: [ app_begin ] --START--
INFO: Run Behavior\ReadHtmlCacheBehavior [ RunTime:0.006000s ]
INFO: [ app_begin ] --END-- [ RunTime:0.006000s ]
SQL: SHOW COLUMNS FROM `php2018_member` [ RunTime:0.003000s ]
SQL: SELECT * FROM `php2018_member` WHERE ( `email` = '382709807@qq.com' ) LIMIT 1   [ RunTime:0.001000s ]

[ 2018-07-17T11:03:26+08:00 ] 127.0.0.1 /index.php?m=home&c=User&a=login&username=382709807%40qq.com&password=123456
INFO: [ app_init ] --START--
INFO: Run Behavior\BuildLiteBehavior [ RunTime:0.000000s ]
INFO: [ app_init ] --END-- [ RunTime:0.002000s ]
INFO: [ app_begin ] --START--
INFO: Run Behavior\ReadHtmlCacheBehavior [ RunTime:0.006001s ]
INFO: [ app_begin ] --END-- [ RunTime:0.006001s ]
SQL: SHOW COLUMNS FROM `php2018_member` [ RunTime:0.005000s ]
SQL: SELECT * FROM `php2018_member` WHERE ( `email` = '382709807@qq.com' ) LIMIT 1   [ RunTime:0.001000s ]

[ 2018-07-17T11:03:48+08:00 ] 127.0.0.1 /index.php?m=home&c=User&a=login&username=382709807%40qq.com&password=123456
INFO: [ app_init ] --START--
INFO: Run Behavior\BuildLiteBehavior [ RunTime:0.000000s ]
INFO: [ app_init ] --END-- [ RunTime:0.002001s ]
INFO: [ app_begin ] --START--
INFO: Run Behavior\ReadHtmlCacheBehavior [ RunTime:0.006001s ]
INFO: [ app_begin ] --END-- [ RunTime:0.006001s ]
SQL: SHOW COLUMNS FROM `php2018_member` [ RunTime:0.004001s ]
SQL: SELECT * FROM `php2018_member` WHERE ( `email` = '382709807@qq.com' ) LIMIT 1   [ RunTime:0.001000s ]

[ 2018-07-17T11:04:22+08:00 ] 127.0.0.1 /index.php?m=home&c=User&a=login&username=382709807%40qq.com&password=123456
INFO: [ app_init ] --START--
INFO: Run Behavior\BuildLiteBehavior [ RunTime:0.000000s ]
INFO: [ app_init ] --END-- [ RunTime:0.002001s ]
INFO: [ app_begin ] --START--
INFO: Run Behavior\ReadHtmlCacheBehavior [ RunTime:0.005001s ]
INFO: [ app_begin ] --END-- [ RunTime:0.006001s ]
SQL: SHOW COLUMNS FROM `php2018_member` [ RunTime:0.003000s ]
SQL: SELECT * FROM `php2018_member` WHERE ( `email` = '382709807@qq.com' ) LIMIT 1   [ RunTime:0.000000s ]

[ 2018-07-17T11:05:44+08:00 ] 127.0.0.1 /index.php?m=home&c=User&a=login&username=382709807%40qq.com&password=123456
INFO: [ app_init ] --START--
INFO: Run Behavior\BuildLiteBehavior [ RunTime:0.000000s ]
INFO: [ app_init ] --END-- [ RunTime:0.002000s ]
INFO: [ app_begin ] --START--
INFO: Run Behavior\ReadHtmlCacheBehavior [ RunTime:0.005000s ]
INFO: [ app_begin ] --END-- [ RunTime:0.005000s ]
SQL: SHOW COLUMNS FROM `php2018_member` [ RunTime:0.004000s ]
SQL: SELECT * FROM `php2018_member` WHERE ( `email` = '382709807@qq.com' ) LIMIT 1   [ RunTime:0.000000s ]

[ 2018-07-17T11:06:42+08:00 ] 127.0.0.1 /index.php?m=home&c=User&a=login&username=382709807%40qq.com&password=123456
INFO: [ app_init ] --START--
INFO: Run Behavior\BuildLiteBehavior [ RunTime:0.000000s ]
INFO: [ app_init ] --END-- [ RunTime:0.003000s ]
INFO: [ app_begin ] --START--
INFO: Run Behavior\ReadHtmlCacheBehavior [ RunTime:0.005000s ]
INFO: [ app_begin ] --END-- [ RunTime:0.006000s ]
SQL: SHOW COLUMNS FROM `php2018_member` [ RunTime:0.003000s ]
SQL: SELECT * FROM `php2018_member` WHERE ( `email` = '382709807@qq.com' ) LIMIT 1   [ RunTime:0.000000s ]

[ 2018-07-17T11:07:24+08:00 ] 127.0.0.1 /index.php?m=home&c=User&a=login&username=382709807%40qq.com&password=123456
INFO: [ app_init ] --START--
INFO: Run Behavior\BuildLiteBehavior [ RunTime:0.000000s ]
INFO: [ app_init ] --END-- [ RunTime:0.003000s ]
INFO: [ app_begin ] --START--
INFO: Run Behavior\ReadHtmlCacheBehavior [ RunTime:0.006000s ]
INFO: [ app_begin ] --END-- [ RunTime:0.006000s ]
SQL: SHOW COLUMNS FROM `php2018_member` [ RunTime:0.004000s ]
SQL: SELECT * FROM `php2018_member` WHERE ( `email` = '382709807@qq.com' ) LIMIT 1   [ RunTime:0.000000s ]

[ 2018-07-17T11:07:25+08:00 ] 127.0.0.1 /index.php?m=home&c=User&a=login&username=382709807%40qq.com&password=123456
INFO: [ app_init ] --START--
INFO: Run Behavior\BuildLiteBehavior [ RunTime:0.000000s ]
INFO: [ app_init ] --END-- [ RunTime:0.002000s ]
INFO: [ app_begin ] --START--
INFO: Run Behavior\ReadHtmlCacheBehavior [ RunTime:0.005001s ]
INFO: [ app_begin ] --END-- [ RunTime:0.006001s ]
SQL: SHOW COLUMNS FROM `php2018_member` [ RunTime:0.004000s ]
SQL: SELECT * FROM `php2018_member` WHERE ( `email` = '382709807@qq.com' ) LIMIT 1   [ RunTime:0.001000s ]

[ 2018-07-17T11:07:25+08:00 ] 127.0.0.1 /index.php?m=home&c=User&a=login&username=382709807%40qq.com&password=123456
INFO: [ app_init ] --START--
INFO: Run Behavior\BuildLiteBehavior [ RunTime:0.000000s ]
INFO: [ app_init ] --END-- [ RunTime:0.002000s ]
INFO: [ app_begin ] --START--
INFO: Run Behavior\ReadHtmlCacheBehavior [ RunTime:0.005000s ]
INFO: [ app_begin ] --END-- [ RunTime:0.005000s ]
SQL: SHOW COLUMNS FROM `php2018_member` [ RunTime:0.004000s ]
SQL: SELECT * FROM `php2018_member` WHERE ( `email` = '382709807@qq.com' ) LIMIT 1   [ RunTime:0.000000s ]

[ 2018-07-17T11:07:25+08:00 ] 127.0.0.1 /index.php?m=home&c=User&a=login&username=382709807%40qq.com&password=123456
INFO: [ app_init ] --START--
INFO: Run Behavior\BuildLiteBehavior [ RunTime:0.000000s ]
INFO: [ app_init ] --END-- [ RunTime:0.002000s ]
INFO: [ app_begin ] --START--
INFO: Run Behavior\ReadHtmlCacheBehavior [ RunTime:0.005000s ]
INFO: [ app_begin ] --END-- [ RunTime:0.005000s ]
SQL: SHOW COLUMNS FROM `php2018_member` [ RunTime:0.003000s ]
SQL: SELECT * FROM `php2018_member` WHERE ( `email` = '382709807@qq.com' ) LIMIT 1   [ RunTime:0.001001s ]

[ 2018-07-17T11:07:26+08:00 ] 127.0.0.1 /index.php?m=home&c=User&a=login&username=382709807%40qq.com&password=123456
INFO: [ app_init ] --START--
INFO: Run Behavior\BuildLiteBehavior [ RunTime:0.000000s ]
INFO: [ app_init ] --END-- [ RunTime:0.002001s ]
INFO: [ app_begin ] --START--
INFO: Run Behavior\ReadHtmlCacheBehavior [ RunTime:0.005001s ]
INFO: [ app_begin ] --END-- [ RunTime:0.005001s ]
SQL: SHOW COLUMNS FROM `php2018_member` [ RunTime:0.004000s ]
SQL: SELECT * FROM `php2018_member` WHERE ( `email` = '382709807@qq.com' ) LIMIT 1   [ RunTime:0.000000s ]

[ 2018-07-17T11:07:26+08:00 ] 127.0.0.1 /index.php?m=home&c=User&a=login&username=382709807%40qq.com&password=123456
INFO: [ app_init ] --START--
INFO: Run Behavior\BuildLiteBehavior [ RunTime:0.000000s ]
INFO: [ app_init ] --END-- [ RunTime:0.003000s ]
INFO: [ app_begin ] --START--
INFO: Run Behavior\ReadHtmlCacheBehavior [ RunTime:0.005000s ]
INFO: [ app_begin ] --END-- [ RunTime:0.005000s ]
SQL: SHOW COLUMNS FROM `php2018_member` [ RunTime:0.004000s ]
SQL: SELECT * FROM `php2018_member` WHERE ( `email` = '382709807@qq.com' ) LIMIT 1   [ RunTime:0.000000s ]

[ 2018-07-17T11:07:26+08:00 ] 127.0.0.1 /index.php?m=home&c=User&a=login&username=382709807%40qq.com&password=123456
INFO: [ app_init ] --START--
INFO: Run Behavior\BuildLiteBehavior [ RunTime:0.001000s ]
INFO: [ app_init ] --END-- [ RunTime:0.002000s ]
INFO: [ app_begin ] --START--
INFO: Run Behavior\ReadHtmlCacheBehavior [ RunTime:0.006000s ]
INFO: [ app_begin ] --END-- [ RunTime:0.006000s ]
SQL: SHOW COLUMNS FROM `php2018_member` [ RunTime:0.004001s ]
SQL: SELECT * FROM `php2018_member` WHERE ( `email` = '382709807@qq.com' ) LIMIT 1   [ RunTime:0.000000s ]

[ 2018-07-17T11:07:26+08:00 ] 127.0.0.1 /index.php?m=home&c=User&a=login&username=382709807%40qq.com&password=123456
INFO: [ app_init ] --START--
INFO: Run Behavior\BuildLiteBehavior [ RunTime:0.000000s ]
INFO: [ app_init ] --END-- [ RunTime:0.002000s ]
INFO: [ app_begin ] --START--
INFO: Run Behavior\ReadHtmlCacheBehavior [ RunTime:0.005001s ]
INFO: [ app_begin ] --END-- [ RunTime:0.005001s ]
SQL: SHOW COLUMNS FROM `php2018_member` [ RunTime:0.004000s ]
SQL: SELECT * FROM `php2018_member` WHERE ( `email` = '382709807@qq.com' ) LIMIT 1   [ RunTime:0.001000s ]

[ 2018-07-17T11:07:27+08:00 ] 127.0.0.1 /index.php?m=home&c=User&a=login&username=382709807%40qq.com&password=123456
INFO: [ app_init ] --START--
INFO: Run Behavior\BuildLiteBehavior [ RunTime:0.000000s ]
INFO: [ app_init ] --END-- [ RunTime:0.003001s ]
INFO: [ app_begin ] --START--
INFO: Run Behavior\ReadHtmlCacheBehavior [ RunTime:0.005001s ]
INFO: [ app_begin ] --END-- [ RunTime:0.005001s ]
SQL: SHOW COLUMNS FROM `php2018_member` [ RunTime:0.003000s ]
SQL: SELECT * FROM `php2018_member` WHERE ( `email` = '382709807@qq.com' ) LIMIT 1   [ RunTime:0.000000s ]

[ 2018-07-17T11:07:27+08:00 ] 127.0.0.1 /index.php?m=home&c=User&a=login&username=382709807%40qq.com&password=123456
INFO: [ app_init ] --START--
INFO: Run Behavior\BuildLiteBehavior [ RunTime:0.000000s ]
INFO: [ app_init ] --END-- [ RunTime:0.002000s ]
INFO: [ app_begin ] --START--
INFO: Run Behavior\ReadHtmlCacheBehavior [ RunTime:0.006000s ]
INFO: [ app_begin ] --END-- [ RunTime:0.006000s ]
SQL: SHOW COLUMNS FROM `php2018_member` [ RunTime:0.004001s ]
SQL: SELECT * FROM `php2018_member` WHERE ( `email` = '382709807@qq.com' ) LIMIT 1   [ RunTime:0.001000s ]

[ 2018-07-17T11:07:27+08:00 ] 127.0.0.1 /index.php?m=home&c=User&a=login&username=382709807%40qq.com&password=123456
INFO: [ app_init ] --START--
INFO: Run Behavior\BuildLiteBehavior [ RunTime:0.000000s ]
INFO: [ app_init ] --END-- [ RunTime:0.002000s ]
INFO: [ app_begin ] --START--
INFO: Run Behavior\ReadHtmlCacheBehavior [ RunTime:0.006000s ]
INFO: [ app_begin ] --END-- [ RunTime:0.006000s ]
SQL: SHOW COLUMNS FROM `php2018_member` [ RunTime:0.004000s ]
SQL: SELECT * FROM `php2018_member` WHERE ( `email` = '382709807@qq.com' ) LIMIT 1   [ RunTime:0.000000s ]

[ 2018-07-17T11:07:28+08:00 ] 127.0.0.1 /index.php?m=home&c=User&a=login&username=382709807%40qq.com&password=123456
INFO: [ app_init ] --START--
INFO: Run Behavior\BuildLiteBehavior [ RunTime:0.000000s ]
INFO: [ app_init ] --END-- [ RunTime:0.002000s ]
INFO: [ app_begin ] --START--
INFO: Run Behavior\ReadHtmlCacheBehavior [ RunTime:0.005001s ]
INFO: [ app_begin ] --END-- [ RunTime:0.006001s ]
SQL: SHOW COLUMNS FROM `php2018_member` [ RunTime:0.004000s ]
SQL: SELECT * FROM `php2018_member` WHERE ( `email` = '382709807@qq.com' ) LIMIT 1   [ RunTime:0.001000s ]

[ 2018-07-17T11:07:28+08:00 ] 127.0.0.1 /index.php?m=home&c=User&a=login&username=382709807%40qq.com&password=123456
INFO: [ app_init ] --START--
INFO: Run Behavior\BuildLiteBehavior [ RunTime:0.000000s ]
INFO: [ app_init ] --END-- [ RunTime:0.002001s ]
INFO: [ app_begin ] --START--
INFO: Run Behavior\ReadHtmlCacheBehavior [ RunTime:0.006001s ]
INFO: [ app_begin ] --END-- [ RunTime:0.006001s ]
SQL: SHOW COLUMNS FROM `php2018_member` [ RunTime:0.003000s ]
SQL: SELECT * FROM `php2018_member` WHERE ( `email` = '382709807@qq.com' ) LIMIT 1   [ RunTime:0.001000s ]

[ 2018-07-17T11:07:29+08:00 ] 127.0.0.1 /index.php?m=home&c=User&a=login&username=382709807%40qq.com&password=123456
INFO: [ app_init ] --START--
INFO: Run Behavior\BuildLiteBehavior [ RunTime:0.000000s ]
INFO: [ app_init ] --END-- [ RunTime:0.002000s ]
INFO: [ app_begin ] --START--
INFO: Run Behavior\ReadHtmlCacheBehavior [ RunTime:0.006000s ]
INFO: [ app_begin ] --END-- [ RunTime:0.006000s ]
SQL: SHOW COLUMNS FROM `php2018_member` [ RunTime:0.004000s ]
SQL: SELECT * FROM `php2018_member` WHERE ( `email` = '382709807@qq.com' ) LIMIT 1   [ RunTime:0.000000s ]

[ 2018-07-17T11:07:30+08:00 ] 127.0.0.1 /index.php?m=home&c=User&a=login&username=382709807%40qq.com&password=123456
INFO: [ app_init ] --START--
INFO: Run Behavior\BuildLiteBehavior [ RunTime:0.000000s ]
INFO: [ app_init ] --END-- [ RunTime:0.002001s ]
INFO: [ app_begin ] --START--
INFO: Run Behavior\ReadHtmlCacheBehavior [ RunTime:0.006001s ]
INFO: [ app_begin ] --END-- [ RunTime:0.006001s ]
SQL: SHOW COLUMNS FROM `php2018_member` [ RunTime:0.004000s ]
SQL: SELECT * FROM `php2018_member` WHERE ( `email` = '382709807@qq.com' ) LIMIT 1   [ RunTime:0.001000s ]

[ 2018-07-17T11:07:30+08:00 ] 127.0.0.1 /index.php?m=home&c=User&a=login&username=382709807%40qq.com&password=123456
INFO: [ app_init ] --START--
INFO: Run Behavior\BuildLiteBehavior [ RunTime:0.001001s ]
INFO: [ app_init ] --END-- [ RunTime:0.002001s ]
INFO: [ app_begin ] --START--
INFO: Run Behavior\ReadHtmlCacheBehavior [ RunTime:0.006001s ]
INFO: [ app_begin ] --END-- [ RunTime:0.006001s ]
SQL: SHOW COLUMNS FROM `php2018_member` [ RunTime:0.004000s ]
SQL: SELECT * FROM `php2018_member` WHERE ( `email` = '382709807@qq.com' ) LIMIT 1   [ RunTime:0.000000s ]

[ 2018-07-17T11:07:30+08:00 ] 127.0.0.1 /index.php?m=home&c=User&a=login&username=382709807%40qq.com&password=123456
INFO: [ app_init ] --START--
INFO: Run Behavior\BuildLiteBehavior [ RunTime:0.000000s ]
INFO: [ app_init ] --END-- [ RunTime:0.002000s ]
INFO: [ app_begin ] --START--
INFO: Run Behavior\ReadHtmlCacheBehavior [ RunTime:0.005001s ]
INFO: [ app_begin ] --END-- [ RunTime:0.005001s ]
SQL: SHOW COLUMNS FROM `php2018_member` [ RunTime:0.004001s ]
SQL: SELECT * FROM `php2018_member` WHERE ( `email` = '382709807@qq.com' ) LIMIT 1   [ RunTime:0.000000s ]

[ 2018-07-17T11:07:31+08:00 ] 127.0.0.1 /index.php?m=home&c=User&a=login&username=382709807%40qq.com&password=123456
INFO: [ app_init ] --START--
INFO: Run Behavior\BuildLiteBehavior [ RunTime:0.000000s ]
INFO: [ app_init ] --END-- [ RunTime:0.002000s ]
INFO: [ app_begin ] --START--
INFO: Run Behavior\ReadHtmlCacheBehavior [ RunTime:0.006000s ]
INFO: [ app_begin ] --END-- [ RunTime:0.006000s ]
SQL: SHOW COLUMNS FROM `php2018_member` [ RunTime:0.004001s ]
SQL: SELECT * FROM `php2018_member` WHERE ( `email` = '382709807@qq.com' ) LIMIT 1   [ RunTime:0.001000s ]

[ 2018-07-17T11:07:31+08:00 ] 127.0.0.1 /index.php?m=home&c=User&a=login&username=382709807%40qq.com&password=123456
INFO: [ app_init ] --START--
INFO: Run Behavior\BuildLiteBehavior [ RunTime:0.000000s ]
INFO: [ app_init ] --END-- [ RunTime:0.002000s ]
INFO: [ app_begin ] --START--
INFO: Run Behavior\ReadHtmlCacheBehavior [ RunTime:0.006000s ]
INFO: [ app_begin ] --END-- [ RunTime:0.006000s ]
SQL: SHOW COLUMNS FROM `php2018_member` [ RunTime:0.004000s ]
SQL: SELECT * FROM `php2018_member` WHERE ( `email` = '382709807@qq.com' ) LIMIT 1   [ RunTime:0.001000s ]

[ 2018-07-17T11:07:31+08:00 ] 127.0.0.1 /index.php?m=home&c=User&a=login&username=382709807%40qq.com&password=123456
INFO: [ app_init ] --START--
INFO: Run Behavior\BuildLiteBehavior [ RunTime:0.000000s ]
INFO: [ app_init ] --END-- [ RunTime:0.002000s ]
INFO: [ app_begin ] --START--
INFO: Run Behavior\ReadHtmlCacheBehavior [ RunTime:0.008001s ]
INFO: [ app_begin ] --END-- [ RunTime:0.008001s ]
SQL: SHOW COLUMNS FROM `php2018_member` [ RunTime:0.004000s ]
SQL: SELECT * FROM `php2018_member` WHERE ( `email` = '382709807@qq.com' ) LIMIT 1   [ RunTime:0.001000s ]

[ 2018-07-17T11:07:32+08:00 ] 127.0.0.1 /index.php?m=home&c=User&a=login&username=382709807%40qq.com&password=123456
INFO: [ app_init ] --START--
INFO: Run Behavior\BuildLiteBehavior [ RunTime:0.000000s ]
INFO: [ app_init ] --END-- [ RunTime:0.002000s ]
INFO: [ app_begin ] --START--
INFO: Run Behavior\ReadHtmlCacheBehavior [ RunTime:0.005000s ]
INFO: [ app_begin ] --END-- [ RunTime:0.005000s ]
SQL: SHOW COLUMNS FROM `php2018_member` [ RunTime:0.004000s ]
SQL: SELECT * FROM `php2018_member` WHERE ( `email` = '382709807@qq.com' ) LIMIT 1   [ RunTime:0.000000s ]

[ 2018-07-17T11:07:32+08:00 ] 127.0.0.1 /index.php?m=home&c=User&a=login&username=382709807%40qq.com&password=123456
INFO: [ app_init ] --START--
INFO: Run Behavior\BuildLiteBehavior [ RunTime:0.000000s ]
INFO: [ app_init ] --END-- [ RunTime:0.002000s ]
INFO: [ app_begin ] --START--
INFO: Run Behavior\ReadHtmlCacheBehavior [ RunTime:0.006001s ]
INFO: [ app_begin ] --END-- [ RunTime:0.006001s ]
SQL: SHOW COLUMNS FROM `php2018_member` [ RunTime:0.003001s ]
SQL: SELECT * FROM `php2018_member` WHERE ( `email` = '382709807@qq.com' ) LIMIT 1   [ RunTime:0.001000s ]

[ 2018-07-17T11:07:32+08:00 ] 127.0.0.1 /index.php?m=home&c=User&a=login&username=382709807%40qq.com&password=123456
INFO: [ app_init ] --START--
INFO: Run Behavior\BuildLiteBehavior [ RunTime:0.000000s ]
INFO: [ app_init ] --END-- [ RunTime:0.003000s ]
INFO: [ app_begin ] --START--
INFO: Run Behavior\ReadHtmlCacheBehavior [ RunTime:0.006000s ]
INFO: [ app_begin ] --END-- [ RunTime:0.006000s ]
SQL: SHOW COLUMNS FROM `php2018_member` [ RunTime:0.004000s ]
SQL: SELECT * FROM `php2018_member` WHERE ( `email` = '382709807@qq.com' ) LIMIT 1   [ RunTime:0.001000s ]

[ 2018-07-17T11:07:36+08:00 ] 127.0.0.1 /index.php?m=home&c=User&a=login&username=382709807%40qq.com&password=123456
INFO: [ app_init ] --START--
INFO: Run Behavior\BuildLiteBehavior [ RunTime:0.000000s ]
INFO: [ app_init ] --END-- [ RunTime:0.002000s ]
INFO: [ app_begin ] --START--
INFO: Run Behavior\ReadHtmlCacheBehavior [ RunTime:0.006000s ]
INFO: [ app_begin ] --END-- [ RunTime:0.006000s ]
SQL: SHOW COLUMNS FROM `php2018_member` [ RunTime:0.004001s ]
SQL: SELECT * FROM `php2018_member` WHERE ( `email` = '382709807@qq.com' ) LIMIT 1   [ RunTime:0.001000s ]

[ 2018-07-17T11:07:37+08:00 ] 127.0.0.1 /index.php?m=home&c=User&a=login&username=382709807%40qq.com&password=123456
INFO: [ app_init ] --START--
INFO: Run Behavior\BuildLiteBehavior [ RunTime:0.000000s ]
INFO: [ app_init ] --END-- [ RunTime:0.002000s ]
INFO: [ app_begin ] --START--
INFO: Run Behavior\ReadHtmlCacheBehavior [ RunTime:0.006000s ]
INFO: [ app_begin ] --END-- [ RunTime:0.006000s ]
SQL: SHOW COLUMNS FROM `php2018_member` [ RunTime:0.004000s ]
SQL: SELECT * FROM `php2018_member` WHERE ( `email` = '382709807@qq.com' ) LIMIT 1   [ RunTime:0.001000s ]

[ 2018-07-17T11:07:37+08:00 ] 127.0.0.1 /index.php?m=home&c=User&a=login&username=382709807%40qq.com&password=123456
INFO: [ app_init ] --START--
INFO: Run Behavior\BuildLiteBehavior [ RunTime:0.000000s ]
INFO: [ app_init ] --END-- [ RunTime:0.002000s ]
INFO: [ app_begin ] --START--
INFO: Run Behavior\ReadHtmlCacheBehavior [ RunTime:0.006001s ]
INFO: [ app_begin ] --END-- [ RunTime:0.006001s ]
SQL: SHOW COLUMNS FROM `php2018_member` [ RunTime:0.004000s ]
SQL: SELECT * FROM `php2018_member` WHERE ( `email` = '382709807@qq.com' ) LIMIT 1   [ RunTime:0.001000s ]

[ 2018-07-17T11:07:37+08:00 ] 127.0.0.1 /index.php?m=home&c=User&a=login&username=382709807%40qq.com&password=123456
INFO: [ app_init ] --START--
INFO: Run Behavior\BuildLiteBehavior [ RunTime:0.000000s ]
INFO: [ app_init ] --END-- [ RunTime:0.002000s ]
INFO: [ app_begin ] --START--
INFO: Run Behavior\ReadHtmlCacheBehavior [ RunTime:0.006000s ]
INFO: [ app_begin ] --END-- [ RunTime:0.006000s ]
SQL: SHOW COLUMNS FROM `php2018_member` [ RunTime:0.004000s ]
SQL: SELECT * FROM `php2018_member` WHERE ( `email` = '382709807@qq.com' ) LIMIT 1   [ RunTime:0.001000s ]

[ 2018-07-17T11:07:38+08:00 ] 127.0.0.1 /index.php?m=home&c=User&a=login&username=382709807%40qq.com&password=123456
INFO: [ app_init ] --START--
INFO: Run Behavior\BuildLiteBehavior [ RunTime:0.000000s ]
INFO: [ app_init ] --END-- [ RunTime:0.002001s ]
INFO: [ app_begin ] --START--
INFO: Run Behavior\ReadHtmlCacheBehavior [ RunTime:0.006001s ]
INFO: [ app_begin ] --END-- [ RunTime:0.006001s ]
SQL: SHOW COLUMNS FROM `php2018_member` [ RunTime:0.004000s ]
SQL: SELECT * FROM `php2018_member` WHERE ( `email` = '382709807@qq.com' ) LIMIT 1   [ RunTime:0.000000s ]

[ 2018-07-17T11:07:39+08:00 ] 127.0.0.1 /index.php?m=home&c=User&a=login&username=382709807%40qq.com&password=123456
INFO: [ app_init ] --START--
INFO: Run Behavior\BuildLiteBehavior [ RunTime:0.000000s ]
INFO: [ app_init ] --END-- [ RunTime:0.002000s ]
INFO: [ app_begin ] --START--
INFO: Run Behavior\ReadHtmlCacheBehavior [ RunTime:0.006000s ]
INFO: [ app_begin ] --END-- [ RunTime:0.006000s ]
SQL: SHOW COLUMNS FROM `php2018_member` [ RunTime:0.004000s ]
SQL: SELECT * FROM `php2018_member` WHERE ( `email` = '382709807@qq.com' ) LIMIT 1   [ RunTime:0.001000s ]

[ 2018-07-17T11:07:42+08:00 ] 127.0.0.1 /index.php?m=home&c=User&a=login&username=382709807%40qq.com&password=123456
INFO: [ app_init ] --START--
INFO: Run Behavior\BuildLiteBehavior [ RunTime:0.000000s ]
INFO: [ app_init ] --END-- [ RunTime:0.002000s ]
INFO: [ app_begin ] --START--
INFO: Run Behavior\ReadHtmlCacheBehavior [ RunTime:0.006000s ]
INFO: [ app_begin ] --END-- [ RunTime:0.006000s ]
SQL: SHOW COLUMNS FROM `php2018_member` [ RunTime:0.003001s ]
SQL: SELECT * FROM `php2018_member` WHERE ( `email` = '382709807@qq.com' ) LIMIT 1   [ RunTime:0.000000s ]

[ 2018-07-17T11:07:49+08:00 ] 127.0.0.1 /index.php?m=home&c=User&a=login&username=382709807%40qq.com&password=123456
INFO: [ app_init ] --START--
INFO: Run Behavior\BuildLiteBehavior [ RunTime:0.000000s ]
INFO: [ app_init ] --END-- [ RunTime:0.002001s ]
INFO: [ app_begin ] --START--
INFO: Run Behavior\ReadHtmlCacheBehavior [ RunTime:0.006001s ]
INFO: [ app_begin ] --END-- [ RunTime:0.006001s ]
SQL: SHOW COLUMNS FROM `php2018_member` [ RunTime:0.003000s ]
SQL: SELECT * FROM `php2018_member` WHERE ( `email` = '382709807@qq.com' ) LIMIT 1   [ RunTime:0.000000s ]

[ 2018-07-17T11:07:50+08:00 ] 127.0.0.1 /index.php?m=home&c=User&a=login&username=382709807%40qq.com&password=123456
INFO: [ app_init ] --START--
INFO: Run Behavior\BuildLiteBehavior [ RunTime:0.000000s ]
INFO: [ app_init ] --END-- [ RunTime:0.002000s ]
INFO: [ app_begin ] --START--
INFO: Run Behavior\ReadHtmlCacheBehavior [ RunTime:0.005001s ]
INFO: [ app_begin ] --END-- [ RunTime:0.005001s ]
SQL: SHOW COLUMNS FROM `php2018_member` [ RunTime:0.004000s ]
SQL: SELECT * FROM `php2018_member` WHERE ( `email` = '382709807@qq.com' ) LIMIT 1   [ RunTime:0.000000s ]

[ 2018-07-17T11:07:50+08:00 ] 127.0.0.1 /index.php?m=home&c=User&a=login&username=382709807%40qq.com&password=123456
INFO: [ app_init ] --START--
INFO: Run Behavior\BuildLiteBehavior [ RunTime:0.000000s ]
INFO: [ app_init ] --END-- [ RunTime:0.002000s ]
INFO: [ app_begin ] --START--
INFO: Run Behavior\ReadHtmlCacheBehavior [ RunTime:0.006000s ]
INFO: [ app_begin ] --END-- [ RunTime:0.006000s ]
SQL: SHOW COLUMNS FROM `php2018_member` [ RunTime:0.003000s ]
SQL: SELECT * FROM `php2018_member` WHERE ( `email` = '382709807@qq.com' ) LIMIT 1   [ RunTime:0.000000s ]

[ 2018-07-17T11:08:54+08:00 ] 127.0.0.1 /index.php?m=home&c=User&a=login&username=382709807%40qq.com&password=123456
INFO: [ app_init ] --START--
INFO: Run Behavior\BuildLiteBehavior [ RunTime:0.000000s ]
INFO: [ app_init ] --END-- [ RunTime:0.002000s ]
INFO: [ app_begin ] --START--
INFO: Run Behavior\ReadHtmlCacheBehavior [ RunTime:0.006000s ]
INFO: [ app_begin ] --END-- [ RunTime:0.006000s ]
SQL: SHOW COLUMNS FROM `php2018_member` [ RunTime:0.004000s ]
SQL: SELECT * FROM `php2018_member` WHERE ( `email` = '382709807@qq.com' ) LIMIT 1   [ RunTime:0.000000s ]

[ 2018-07-17T11:09:20+08:00 ] 127.0.0.1 /index.php?m=home&c=User&a=login
INFO: [ app_init ] --START--
INFO: Run Behavior\BuildLiteBehavior [ RunTime:0.000000s ]
INFO: [ app_init ] --END-- [ RunTime:0.002000s ]
INFO: [ app_begin ] --START--
INFO: Run Behavior\ReadHtmlCacheBehavior [ RunTime:0.006000s ]
INFO: [ app_begin ] --END-- [ RunTime:0.006000s ]

[ 2018-07-17T11:16:18+08:00 ] 127.0.0.1 /index.php?m=home&c=User&a=login&username=382709807%40qq.com&password=123456
INFO: [ app_init ] --START--
INFO: Run Behavior\BuildLiteBehavior [ RunTime:0.000000s ]
INFO: [ app_init ] --END-- [ RunTime:0.007001s ]
INFO: [ app_begin ] --START--
INFO: Run Behavior\ReadHtmlCacheBehavior [ RunTime:0.011001s ]
INFO: [ app_begin ] --END-- [ RunTime:0.012001s ]

[ 2018-07-17T11:16:36+08:00 ] 127.0.0.1 /index.php?m=home&c=User&a=login&username=382709807%40qq.com&password=123456
INFO: [ app_init ] --START--
INFO: Run Behavior\BuildLiteBehavior [ RunTime:0.000000s ]
INFO: [ app_init ] --END-- [ RunTime:0.002000s ]
INFO: [ app_begin ] --START--
INFO: Run Behavior\ReadHtmlCacheBehavior [ RunTime:0.005001s ]
INFO: [ app_begin ] --END-- [ RunTime:0.005001s ]
SQL: SHOW COLUMNS FROM `php2018_member` [ RunTime:0.004000s ]
SQL: SELECT * FROM `php2018_member` WHERE ( `email` = '382709807@qq.com' ) LIMIT 1   [ RunTime:0.000000s ]

[ 2018-07-17T11:16:58+08:00 ] 127.0.0.1 /index.php?m=home&c=User&a=login
INFO: [ app_init ] --START--
INFO: Run Behavior\BuildLiteBehavior [ RunTime:0.000000s ]
INFO: [ app_init ] --END-- [ RunTime:0.002000s ]
INFO: [ app_begin ] --START--
INFO: Run Behavior\ReadHtmlCacheBehavior [ RunTime:0.006000s ]
INFO: [ app_begin ] --END-- [ RunTime:0.006000s ]

[ 2018-07-17T11:18:38+08:00 ] 127.0.0.1 /index.php?m=home&c=User&a=login
INFO: [ app_init ] --START--
INFO: Run Behavior\BuildLiteBehavior [ RunTime:0.000000s ]
INFO: [ app_init ] --END-- [ RunTime:0.002001s ]
INFO: [ app_begin ] --START--
INFO: Run Behavior\ReadHtmlCacheBehavior [ RunTime:0.005001s ]
INFO: [ app_begin ] --END-- [ RunTime:0.005001s ]

[ 2018-07-17T11:19:33+08:00 ] 127.0.0.1 /index.php?m=home&c=User&a=login
INFO: [ app_init ] --START--
INFO: Run Behavior\BuildLiteBehavior [ RunTime:0.000000s ]
INFO: [ app_init ] --END-- [ RunTime:0.002000s ]
INFO: [ app_begin ] --START--
INFO: Run Behavior\ReadHtmlCacheBehavior [ RunTime:0.005001s ]
INFO: [ app_begin ] --END-- [ RunTime:0.005001s ]

