[ 2018-07-16T21:23:04+08:00 ] 127.0.0.1 /
INFO: [ app_init ] --START--
INFO: Run Behavior\BuildLiteBehavior [ RunTime:0.000020s ]
INFO: [ app_init ] --END-- [ RunTime:0.000139s ]
INFO: [ app_begin ] --START--
INFO: Run Behavior\ReadHtmlCacheBehavior [ RunTime:0.001669s ]
INFO: [ app_begin ] --END-- [ RunTime:0.001745s ]
INFO: [ view_parse ] --START--
INFO: [ template_filter ] --START--
INFO: Run Behavior\ContentReplaceBehavior [ RunTime:0.000033s ]
INFO: [ template_filter ] --END-- [ RunTime:0.000103s ]
INFO: Run Behavior\ParseTemplateBehavior [ RunTime:0.013518s ]
INFO: [ view_parse ] --END-- [ RunTime:0.013590s ]
INFO: [ view_filter ] --START--
INFO: Run Behavior\WriteHtmlCacheBehavior [ RunTime:0.000963s ]
INFO: [ view_filter ] --END-- [ RunTime:0.001031s ]
INFO: [ app_end ] --START--
INFO: Run Behavior\ShowPageTraceBehavior [ RunTime:0.001350s ]
INFO: [ app_end ] --END-- [ RunTime:0.001415s ]

[ 2018-07-16T21:48:56+08:00 ] 127.0.0.1 /index.php/home/user/login
INFO: [ app_init ] --START--
INFO: Run Behavior\BuildLiteBehavior [ RunTime:0.000021s ]
INFO: [ app_init ] --END-- [ RunTime:0.000871s ]
INFO: [ app_begin ] --START--
INFO: Run Behavior\ReadHtmlCacheBehavior [ RunTime:0.002019s ]
INFO: [ app_begin ] --END-- [ RunTime:0.002155s ]

[ 2018-07-16T21:51:08+08:00 ] 127.0.0.1 /index.php?m=home&c=user&a=login
INFO: [ app_init ] --START--
INFO: Run Behavior\BuildLiteBehavior [ RunTime:0.000011s ]
INFO: [ app_init ] --END-- [ RunTime:0.000416s ]
INFO: [ app_begin ] --START--
INFO: Run Behavior\ReadHtmlCacheBehavior [ RunTime:0.000836s ]
INFO: [ app_begin ] --END-- [ RunTime:0.000876s ]

[ 2018-07-16T21:51:11+08:00 ] 127.0.0.1 /index.php?m=home&c=user&a=login
INFO: [ app_init ] --START--
INFO: Run Behavior\BuildLiteBehavior [ RunTime:0.000010s ]
INFO: [ app_init ] --END-- [ RunTime:0.000554s ]
INFO: [ app_begin ] --START--
INFO: Run Behavior\ReadHtmlCacheBehavior [ RunTime:0.000762s ]
INFO: [ app_begin ] --END-- [ RunTime:0.000821s ]

[ 2018-07-16T21:52:14+08:00 ] 127.0.0.1 /index.php?m=home&c=user&a=login
INFO: [ app_init ] --START--
INFO: Run Behavior\BuildLiteBehavior [ RunTime:0.000008s ]
INFO: [ app_init ] --END-- [ RunTime:0.000283s ]
INFO: [ app_begin ] --START--
INFO: Run Behavior\ReadHtmlCacheBehavior [ RunTime:0.000386s ]
INFO: [ app_begin ] --END-- [ RunTime:0.000408s ]

[ 2018-07-16T21:52:51+08:00 ] 127.0.0.1 /index.php?m=home&c=user&a=login&username=382709807@qq.com&password=123456
INFO: [ app_init ] --START--
INFO: Run Behavior\BuildLiteBehavior [ RunTime:0.000009s ]
INFO: [ app_init ] --END-- [ RunTime:0.000417s ]
INFO: [ app_begin ] --START--
INFO: Run Behavior\ReadHtmlCacheBehavior [ RunTime:0.000482s ]
INFO: [ app_begin ] --END-- [ RunTime:0.000511s ]
SQL: SHOW COLUMNS FROM `member` [ RunTime:0.043818s ]
ERR: 1146:Table 'php2018.member' doesn't exist
 [ SQL语句 ] : SHOW COLUMNS FROM `member`
SQL: SELECT * FROM `member` WHERE ( email=382709807@qq.com ) LIMIT 1   [ RunTime:0.050521s ]
ERR: 1064:You have an error in your SQL syntax; check the manual that corresponds to your MySQL server version for the right syntax to use near '@qq.com ) LIMIT 1' at line 1
 [ SQL语句 ] : SELECT * FROM `member` WHERE ( email=382709807@qq.com ) LIMIT 1  

[ 2018-07-16T21:53:59+08:00 ] 127.0.0.1 /index.php?m=home&c=user&a=login&username=382709807@qq.com&password=123456
INFO: [ app_init ] --START--
INFO: Run Behavior\BuildLiteBehavior [ RunTime:0.000009s ]
INFO: [ app_init ] --END-- [ RunTime:0.000395s ]
INFO: [ app_begin ] --START--
INFO: Run Behavior\ReadHtmlCacheBehavior [ RunTime:0.000614s ]
INFO: [ app_begin ] --END-- [ RunTime:0.000643s ]
SQL: SHOW COLUMNS FROM `member` [ RunTime:0.000812s ]
ERR: 1146:Table 'php2018.member' doesn't exist
 [ SQL语句 ] : SHOW COLUMNS FROM `member`
SQL: SELECT * FROM `member` WHERE ( email=382709807@qq.com ) LIMIT 1   [ RunTime:0.000185s ]
ERR: 1064:You have an error in your SQL syntax; check the manual that corresponds to your MySQL server version for the right syntax to use near '@qq.com ) LIMIT 1' at line 1
 [ SQL语句 ] : SELECT * FROM `member` WHERE ( email=382709807@qq.com ) LIMIT 1  

[ 2018-07-16T21:54:59+08:00 ] 127.0.0.1 /index.php?m=home&c=user&a=login&username=382709807@qq.com&password=123456
INFO: [ app_init ] --START--
INFO: Run Behavior\BuildLiteBehavior [ RunTime:0.000008s ]
INFO: [ app_init ] --END-- [ RunTime:0.000354s ]
INFO: [ app_begin ] --START--
INFO: Run Behavior\ReadHtmlCacheBehavior [ RunTime:0.000760s ]
INFO: [ app_begin ] --END-- [ RunTime:0.000809s ]
SQL: SHOW COLUMNS FROM `member` [ RunTime:0.000710s ]
ERR: 1146:Table 'php2018.member' doesn't exist
 [ SQL语句 ] : SHOW COLUMNS FROM `member`
SQL: SELECT * FROM `member` WHERE ( email=382709807@qq.com ) LIMIT 1   [ RunTime:0.000129s ]
ERR: 1064:You have an error in your SQL syntax; check the manual that corresponds to your MySQL server version for the right syntax to use near '@qq.com ) LIMIT 1' at line 1
 [ SQL语句 ] : SELECT * FROM `member` WHERE ( email=382709807@qq.com ) LIMIT 1  

[ 2018-07-16T21:56:19+08:00 ] 127.0.0.1 /index.php?m=home&c=user&a=login&username=382709807@qq.com&password=123456
INFO: [ app_init ] --START--
INFO: Run Behavior\BuildLiteBehavior [ RunTime:0.000014s ]
INFO: [ app_init ] --END-- [ RunTime:0.000806s ]
INFO: [ app_begin ] --START--
INFO: Run Behavior\ReadHtmlCacheBehavior [ RunTime:0.000895s ]
INFO: [ app_begin ] --END-- [ RunTime:0.000953s ]
SQL: SHOW COLUMNS FROM `member` [ RunTime:0.016265s ]
ERR: 1146:Table 'php2018.member' doesn't exist
 [ SQL语句 ] : SHOW COLUMNS FROM `member`
SQL: SELECT * FROM `member` WHERE ( email=382709807@qq.com ) LIMIT 1   [ RunTime:0.000168s ]
ERR: 1064:You have an error in your SQL syntax; check the manual that corresponds to your MySQL server version for the right syntax to use near '@qq.com ) LIMIT 1' at line 1
 [ SQL语句 ] : SELECT * FROM `member` WHERE ( email=382709807@qq.com ) LIMIT 1  

[ 2018-07-16T21:57:23+08:00 ] 127.0.0.1 /index.php?m=home&c=user&a=login&username=382709807@qq.com&password=123456
INFO: [ app_init ] --START--
INFO: Run Behavior\BuildLiteBehavior [ RunTime:0.000009s ]
INFO: [ app_init ] --END-- [ RunTime:0.000355s ]
INFO: [ app_begin ] --START--
INFO: Run Behavior\ReadHtmlCacheBehavior [ RunTime:0.000484s ]
INFO: [ app_begin ] --END-- [ RunTime:0.000511s ]
SQL: SHOW COLUMNS FROM `member` [ RunTime:0.000690s ]
ERR: 1146:Table 'php2018.member' doesn't exist
 [ SQL语句 ] : SHOW COLUMNS FROM `member`
SQL: SELECT * FROM `member` WHERE ( `email` = '382709807@qq.com' ) LIMIT 1   [ RunTime:0.000309s ]
ERR: 1146:Table 'php2018.member' doesn't exist
 [ SQL语句 ] : SELECT * FROM `member` WHERE ( `email` = '382709807@qq.com' ) LIMIT 1  

[ 2018-07-16T21:57:25+08:00 ] 127.0.0.1 /index.php?m=home&c=user&a=login&username=382709807@qq.com&password=123456
INFO: [ app_init ] --START--
INFO: Run Behavior\BuildLiteBehavior [ RunTime:0.000008s ]
INFO: [ app_init ] --END-- [ RunTime:0.000335s ]
INFO: [ app_begin ] --START--
INFO: Run Behavior\ReadHtmlCacheBehavior [ RunTime:0.000464s ]
INFO: [ app_begin ] --END-- [ RunTime:0.000491s ]
SQL: SHOW COLUMNS FROM `member` [ RunTime:0.000640s ]
ERR: 1146:Table 'php2018.member' doesn't exist
 [ SQL语句 ] : SHOW COLUMNS FROM `member`
SQL: SELECT * FROM `member` WHERE ( `email` = '382709807@qq.com' ) LIMIT 1   [ RunTime:0.000452s ]
ERR: 1146:Table 'php2018.member' doesn't exist
 [ SQL语句 ] : SELECT * FROM `member` WHERE ( `email` = '382709807@qq.com' ) LIMIT 1  

[ 2018-07-16T21:57:25+08:00 ] 127.0.0.1 /index.php?m=home&c=user&a=login&username=382709807@qq.com&password=123456
INFO: [ app_init ] --START--
INFO: Run Behavior\BuildLiteBehavior [ RunTime:0.000009s ]
INFO: [ app_init ] --END-- [ RunTime:0.000448s ]
INFO: [ app_begin ] --START--
INFO: Run Behavior\ReadHtmlCacheBehavior [ RunTime:0.000734s ]
INFO: [ app_begin ] --END-- [ RunTime:0.000790s ]
SQL: SHOW COLUMNS FROM `member` [ RunTime:0.000673s ]
ERR: 1146:Table 'php2018.member' doesn't exist
 [ SQL语句 ] : SHOW COLUMNS FROM `member`
SQL: SELECT * FROM `member` WHERE ( `email` = '382709807@qq.com' ) LIMIT 1   [ RunTime:0.000317s ]
ERR: 1146:Table 'php2018.member' doesn't exist
 [ SQL语句 ] : SELECT * FROM `member` WHERE ( `email` = '382709807@qq.com' ) LIMIT 1  

[ 2018-07-16T21:57:26+08:00 ] 127.0.0.1 /index.php?m=home&c=user&a=login&username=382709807@qq.com&password=123456
INFO: [ app_init ] --START--
INFO: Run Behavior\BuildLiteBehavior [ RunTime:0.000007s ]
INFO: [ app_init ] --END-- [ RunTime:0.000328s ]
INFO: [ app_begin ] --START--
INFO: Run Behavior\ReadHtmlCacheBehavior [ RunTime:0.000655s ]
INFO: [ app_begin ] --END-- [ RunTime:0.000697s ]
SQL: SHOW COLUMNS FROM `member` [ RunTime:0.000521s ]
ERR: 1146:Table 'php2018.member' doesn't exist
 [ SQL语句 ] : SHOW COLUMNS FROM `member`
SQL: SELECT * FROM `member` WHERE ( `email` = '382709807@qq.com' ) LIMIT 1   [ RunTime:0.000239s ]
ERR: 1146:Table 'php2018.member' doesn't exist
 [ SQL语句 ] : SELECT * FROM `member` WHERE ( `email` = '382709807@qq.com' ) LIMIT 1  

[ 2018-07-16T21:57:26+08:00 ] 127.0.0.1 /index.php?m=home&c=user&a=login&username=382709807@qq.com&password=123456
INFO: [ app_init ] --START--
INFO: Run Behavior\BuildLiteBehavior [ RunTime:0.000010s ]
INFO: [ app_init ] --END-- [ RunTime:0.000441s ]
INFO: [ app_begin ] --START--
INFO: Run Behavior\ReadHtmlCacheBehavior [ RunTime:0.000604s ]
INFO: [ app_begin ] --END-- [ RunTime:0.000641s ]
SQL: SHOW COLUMNS FROM `member` [ RunTime:0.000584s ]
ERR: 1146:Table 'php2018.member' doesn't exist
 [ SQL语句 ] : SHOW COLUMNS FROM `member`
SQL: SELECT * FROM `member` WHERE ( `email` = '382709807@qq.com' ) LIMIT 1   [ RunTime:0.000269s ]
ERR: 1146:Table 'php2018.member' doesn't exist
 [ SQL语句 ] : SELECT * FROM `member` WHERE ( `email` = '382709807@qq.com' ) LIMIT 1  

[ 2018-07-16T21:57:48+08:00 ] 127.0.0.1 /index.php?m=home&c=user&a=login&username=382709807@qq.com&password=123456
INFO: [ app_init ] --START--
INFO: Run Behavior\BuildLiteBehavior [ RunTime:0.000008s ]
INFO: [ app_init ] --END-- [ RunTime:0.000418s ]
INFO: [ app_begin ] --START--
INFO: Run Behavior\ReadHtmlCacheBehavior [ RunTime:0.000630s ]
INFO: [ app_begin ] --END-- [ RunTime:0.000659s ]
SQL: SHOW COLUMNS FROM `member` [ RunTime:0.054564s ]
ERR: 1146:Table 'php2018.member' doesn't exist
 [ SQL语句 ] : SHOW COLUMNS FROM `member`
SQL: SELECT * FROM `member` WHERE ( `email` = '382709807@qq.com' ) LIMIT 1   [ RunTime:0.000711s ]
ERR: 1146:Table 'php2018.member' doesn't exist
 [ SQL语句 ] : SELECT * FROM `member` WHERE ( `email` = '382709807@qq.com' ) LIMIT 1  
NOTIC: [2] Cannot modify header information - headers already sent by (output started at D:\server\Web\Api\Application\Home\Controller\UserController.class.php:20) D:\server\Web\Api\ThinkPHP\Library\Think\Controller.class.php 第 214 行.

[ 2018-07-16T21:59:24+08:00 ] 127.0.0.1 /index.php?m=home&c=user&a=login&username=382709807@qq.com&password=123456
INFO: [ app_init ] --START--
INFO: Run Behavior\BuildLiteBehavior [ RunTime:0.000008s ]
INFO: [ app_init ] --END-- [ RunTime:0.000335s ]
INFO: [ app_begin ] --START--
INFO: Run Behavior\ReadHtmlCacheBehavior [ RunTime:0.000470s ]
INFO: [ app_begin ] --END-- [ RunTime:0.000505s ]
SQL: SHOW COLUMNS FROM `member` [ RunTime:0.000714s ]
ERR: 1146:Table 'php2018.member' doesn't exist
 [ SQL语句 ] : SHOW COLUMNS FROM `member`
SQL: SELECT * FROM `member` WHERE ( `email` = '382709807@qq.com' ) LIMIT 1   [ RunTime:0.000314s ]
ERR: 1146:Table 'php2018.member' doesn't exist
 [ SQL语句 ] : SELECT * FROM `member` WHERE ( `email` = '382709807@qq.com' ) LIMIT 1  

[ 2018-07-16T22:00:12+08:00 ] 127.0.0.1 /index.php?m=home&c=user&a=login&username=382709807@qq.com&password=123456
INFO: [ app_init ] --START--
INFO: Run Behavior\BuildLiteBehavior [ RunTime:0.000016s ]
INFO: [ app_init ] --END-- [ RunTime:0.000802s ]
INFO: [ app_begin ] --START--
INFO: Run Behavior\ReadHtmlCacheBehavior [ RunTime:0.001335s ]
INFO: [ app_begin ] --END-- [ RunTime:0.001404s ]
SQL: SHOW COLUMNS FROM `member` [ RunTime:0.009498s ]
ERR: 1146:Table 'php2018.member' doesn't exist
 [ SQL语句 ] : SHOW COLUMNS FROM `member`
SQL: SELECT * FROM `member` WHERE ( `email` = '382709807@qq.com' ) LIMIT 1   [ RunTime:0.000651s ]
ERR: 1146:Table 'php2018.member' doesn't exist
 [ SQL语句 ] : SELECT * FROM `member` WHERE ( `email` = '382709807@qq.com' ) LIMIT 1  

[ 2018-07-16T22:00:12+08:00 ] 127.0.0.1 /index.php?m=home&c=user&a=login&username=382709807@qq.com&password=123456
INFO: [ app_init ] --START--
INFO: Run Behavior\BuildLiteBehavior [ RunTime:0.000014s ]
INFO: [ app_init ] --END-- [ RunTime:0.000663s ]
INFO: [ app_begin ] --START--
INFO: Run Behavior\ReadHtmlCacheBehavior [ RunTime:0.001416s ]
INFO: [ app_begin ] --END-- [ RunTime:0.001500s ]
SQL: SHOW COLUMNS FROM `member` [ RunTime:0.000563s ]
ERR: 1146:Table 'php2018.member' doesn't exist
 [ SQL语句 ] : SHOW COLUMNS FROM `member`
SQL: SELECT * FROM `member` WHERE ( `email` = '382709807@qq.com' ) LIMIT 1   [ RunTime:0.000236s ]
ERR: 1146:Table 'php2018.member' doesn't exist
 [ SQL语句 ] : SELECT * FROM `member` WHERE ( `email` = '382709807@qq.com' ) LIMIT 1  

[ 2018-07-16T22:00:13+08:00 ] 127.0.0.1 /index.php?m=home&c=user&a=login&username=382709807@qq.com&password=123456
INFO: [ app_init ] --START--
INFO: Run Behavior\BuildLiteBehavior [ RunTime:0.000011s ]
INFO: [ app_init ] --END-- [ RunTime:0.000497s ]
INFO: [ app_begin ] --START--
INFO: Run Behavior\ReadHtmlCacheBehavior [ RunTime:0.000717s ]
INFO: [ app_begin ] --END-- [ RunTime:0.000761s ]
SQL: SHOW COLUMNS FROM `member` [ RunTime:0.000683s ]
ERR: 1146:Table 'php2018.member' doesn't exist
 [ SQL语句 ] : SHOW COLUMNS FROM `member`
SQL: SELECT * FROM `member` WHERE ( `email` = '382709807@qq.com' ) LIMIT 1   [ RunTime:0.000242s ]
ERR: 1146:Table 'php2018.member' doesn't exist
 [ SQL语句 ] : SELECT * FROM `member` WHERE ( `email` = '382709807@qq.com' ) LIMIT 1  

[ 2018-07-16T22:00:13+08:00 ] 127.0.0.1 /index.php?m=home&c=user&a=login&username=382709807@qq.com&password=123456
INFO: [ app_init ] --START--
INFO: Run Behavior\BuildLiteBehavior [ RunTime:0.000062s ]
INFO: [ app_init ] --END-- [ RunTime:0.001145s ]
INFO: [ app_begin ] --START--
INFO: Run Behavior\ReadHtmlCacheBehavior [ RunTime:0.000845s ]
INFO: [ app_begin ] --END-- [ RunTime:0.000893s ]
SQL: SHOW COLUMNS FROM `member` [ RunTime:0.000741s ]
ERR: 1146:Table 'php2018.member' doesn't exist
 [ SQL语句 ] : SHOW COLUMNS FROM `member`
SQL: SELECT * FROM `member` WHERE ( `email` = '382709807@qq.com' ) LIMIT 1   [ RunTime:0.000299s ]
ERR: 1146:Table 'php2018.member' doesn't exist
 [ SQL语句 ] : SELECT * FROM `member` WHERE ( `email` = '382709807@qq.com' ) LIMIT 1  

[ 2018-07-16T22:00:29+08:00 ] 127.0.0.1 /index.php?m=home&c=user&a=login&username=382709807@qq.com&password=123456
INFO: [ app_init ] --START--
INFO: Run Behavior\BuildLiteBehavior [ RunTime:0.000012s ]
INFO: [ app_init ] --END-- [ RunTime:0.000395s ]
INFO: [ app_begin ] --START--
INFO: Run Behavior\ReadHtmlCacheBehavior [ RunTime:0.000506s ]
INFO: [ app_begin ] --END-- [ RunTime:0.000535s ]
SQL: SHOW COLUMNS FROM `member` [ RunTime:0.001011s ]
ERR: 1146:Table 'php2018.member' doesn't exist
 [ SQL语句 ] : SHOW COLUMNS FROM `member`
SQL: SELECT * FROM `member` WHERE ( `email` = '382709807@qq.com' ) LIMIT 1   [ RunTime:0.000316s ]
ERR: 1146:Table 'php2018.member' doesn't exist
 [ SQL语句 ] : SELECT * FROM `member` WHERE ( `email` = '382709807@qq.com' ) LIMIT 1  

[ 2018-07-16T22:00:49+08:00 ] 127.0.0.1 /index.php?m=home&c=user&a=login&username=382709807@qq.com&password=123456
INFO: [ app_init ] --START--
INFO: Run Behavior\BuildLiteBehavior [ RunTime:0.000011s ]
INFO: [ app_init ] --END-- [ RunTime:0.000533s ]
INFO: [ app_begin ] --START--
INFO: Run Behavior\ReadHtmlCacheBehavior [ RunTime:0.000719s ]
INFO: [ app_begin ] --END-- [ RunTime:0.000773s ]
SQL: SHOW COLUMNS FROM `member` [ RunTime:0.001037s ]
ERR: 1146:Table 'php2018.member' doesn't exist
 [ SQL语句 ] : SHOW COLUMNS FROM `member`
SQL: SELECT * FROM `member` LIMIT 1   [ RunTime:0.000343s ]
ERR: 1146:Table 'php2018.member' doesn't exist
 [ SQL语句 ] : SELECT * FROM `member` LIMIT 1  

[ 2018-07-16T22:00:52+08:00 ] 127.0.0.1 /index.php?m=home&c=user&a=login&username=382709807@qq.com&password=123456
INFO: [ app_init ] --START--
INFO: Run Behavior\BuildLiteBehavior [ RunTime:0.000008s ]
INFO: [ app_init ] --END-- [ RunTime:0.000328s ]
INFO: [ app_begin ] --START--
INFO: Run Behavior\ReadHtmlCacheBehavior [ RunTime:0.000465s ]
INFO: [ app_begin ] --END-- [ RunTime:0.000492s ]
SQL: SHOW COLUMNS FROM `member` [ RunTime:0.001110s ]
ERR: 1146:Table 'php2018.member' doesn't exist
 [ SQL语句 ] : SHOW COLUMNS FROM `member`
SQL: SELECT * FROM `member` LIMIT 1   [ RunTime:0.000340s ]
ERR: 1146:Table 'php2018.member' doesn't exist
 [ SQL语句 ] : SELECT * FROM `member` LIMIT 1  

[ 2018-07-16T22:00:53+08:00 ] 127.0.0.1 /index.php?m=home&c=user&a=login&username=382709807@qq.com&password=123456
INFO: [ app_init ] --START--
INFO: Run Behavior\BuildLiteBehavior [ RunTime:0.000008s ]
INFO: [ app_init ] --END-- [ RunTime:0.000399s ]
INFO: [ app_begin ] --START--
INFO: Run Behavior\ReadHtmlCacheBehavior [ RunTime:0.000856s ]
INFO: [ app_begin ] --END-- [ RunTime:0.000897s ]
SQL: SHOW COLUMNS FROM `member` [ RunTime:0.000615s ]
ERR: 1146:Table 'php2018.member' doesn't exist
 [ SQL语句 ] : SHOW COLUMNS FROM `member`
SQL: SELECT * FROM `member` LIMIT 1   [ RunTime:0.000218s ]
ERR: 1146:Table 'php2018.member' doesn't exist
 [ SQL语句 ] : SELECT * FROM `member` LIMIT 1  

[ 2018-07-16T22:00:53+08:00 ] 127.0.0.1 /index.php?m=home&c=user&a=login&username=382709807@qq.com&password=123456
INFO: [ app_init ] --START--
INFO: Run Behavior\BuildLiteBehavior [ RunTime:0.000007s ]
INFO: [ app_init ] --END-- [ RunTime:0.000332s ]
INFO: [ app_begin ] --START--
INFO: Run Behavior\ReadHtmlCacheBehavior [ RunTime:0.000472s ]
INFO: [ app_begin ] --END-- [ RunTime:0.000499s ]
SQL: SHOW COLUMNS FROM `member` [ RunTime:0.000654s ]
ERR: 1146:Table 'php2018.member' doesn't exist
 [ SQL语句 ] : SHOW COLUMNS FROM `member`
SQL: SELECT * FROM `member` LIMIT 1   [ RunTime:0.000259s ]
ERR: 1146:Table 'php2018.member' doesn't exist
 [ SQL语句 ] : SELECT * FROM `member` LIMIT 1  

[ 2018-07-16T22:00:53+08:00 ] 127.0.0.1 /index.php?m=home&c=user&a=login&username=382709807@qq.com&password=123456
INFO: [ app_init ] --START--
INFO: Run Behavior\BuildLiteBehavior [ RunTime:0.000007s ]
INFO: [ app_init ] --END-- [ RunTime:0.000349s ]
INFO: [ app_begin ] --START--
INFO: Run Behavior\ReadHtmlCacheBehavior [ RunTime:0.000463s ]
INFO: [ app_begin ] --END-- [ RunTime:0.000490s ]
SQL: SHOW COLUMNS FROM `member` [ RunTime:0.001067s ]
ERR: 1146:Table 'php2018.member' doesn't exist
 [ SQL语句 ] : SHOW COLUMNS FROM `member`
SQL: SELECT * FROM `member` LIMIT 1   [ RunTime:0.000417s ]
ERR: 1146:Table 'php2018.member' doesn't exist
 [ SQL语句 ] : SELECT * FROM `member` LIMIT 1  

[ 2018-07-16T22:01:06+08:00 ] 127.0.0.1 /index.php?m=home&c=user&a=login&username=382709807@qq.com&password=123456
INFO: [ app_init ] --START--
INFO: Run Behavior\BuildLiteBehavior [ RunTime:0.000010s ]
INFO: [ app_init ] --END-- [ RunTime:0.000451s ]
INFO: [ app_begin ] --START--
INFO: Run Behavior\ReadHtmlCacheBehavior [ RunTime:0.000449s ]
INFO: [ app_begin ] --END-- [ RunTime:0.000473s ]
SQL: SHOW COLUMNS FROM `member` [ RunTime:0.001169s ]
ERR: 1146:Table 'php2018.member' doesn't exist
 [ SQL语句 ] : SHOW COLUMNS FROM `member`
SQL: SELECT * FROM `member` LIMIT 1   [ RunTime:0.000480s ]
ERR: 1146:Table 'php2018.member' doesn't exist
 [ SQL语句 ] : SELECT * FROM `member` LIMIT 1  

[ 2018-07-16T22:03:09+08:00 ] 127.0.0.1 /index.php?m=home&c=user&a=login&username=382709807@qq.com&password=123456
INFO: [ app_init ] --START--
INFO: Run Behavior\BuildLiteBehavior [ RunTime:0.000026s ]
INFO: [ app_init ] --END-- [ RunTime:0.000858s ]
INFO: [ app_begin ] --START--
INFO: Run Behavior\ReadHtmlCacheBehavior [ RunTime:0.000618s ]
INFO: [ app_begin ] --END-- [ RunTime:0.000650s ]
SQL: SHOW COLUMNS FROM `member` [ RunTime:0.000630s ]
ERR: 1146:Table 'php2018.member' doesn't exist
 [ SQL语句 ] : SHOW COLUMNS FROM `member`
SQL: SELECT * FROM `member`  [ RunTime:0.000230s ]
ERR: 1146:Table 'php2018.member' doesn't exist
 [ SQL语句 ] : SELECT * FROM `member` 

[ 2018-07-16T22:03:12+08:00 ] 127.0.0.1 /index.php?m=home&c=user&a=login&username=382709807@qq.com&password=123456
INFO: [ app_init ] --START--
INFO: Run Behavior\BuildLiteBehavior [ RunTime:0.000009s ]
INFO: [ app_init ] --END-- [ RunTime:0.000394s ]
INFO: [ app_begin ] --START--
INFO: Run Behavior\ReadHtmlCacheBehavior [ RunTime:0.000526s ]
INFO: [ app_begin ] --END-- [ RunTime:0.000562s ]
SQL: SHOW COLUMNS FROM `member` [ RunTime:0.000586s ]
ERR: 1146:Table 'php2018.member' doesn't exist
 [ SQL语句 ] : SHOW COLUMNS FROM `member`
SQL: SELECT * FROM `member`  [ RunTime:0.000223s ]
ERR: 1146:Table 'php2018.member' doesn't exist
 [ SQL语句 ] : SELECT * FROM `member` 

[ 2018-07-16T22:03:12+08:00 ] 127.0.0.1 /index.php?m=home&c=user&a=login&username=382709807@qq.com&password=123456
INFO: [ app_init ] --START--
INFO: Run Behavior\BuildLiteBehavior [ RunTime:0.000010s ]
INFO: [ app_init ] --END-- [ RunTime:0.000560s ]
INFO: [ app_begin ] --START--
INFO: Run Behavior\ReadHtmlCacheBehavior [ RunTime:0.000564s ]
INFO: [ app_begin ] --END-- [ RunTime:0.000598s ]
SQL: SHOW COLUMNS FROM `member` [ RunTime:0.000630s ]
ERR: 1146:Table 'php2018.member' doesn't exist
 [ SQL语句 ] : SHOW COLUMNS FROM `member`
SQL: SELECT * FROM `member`  [ RunTime:0.000257s ]
ERR: 1146:Table 'php2018.member' doesn't exist
 [ SQL语句 ] : SELECT * FROM `member` 

[ 2018-07-16T22:03:12+08:00 ] 127.0.0.1 /index.php?m=home&c=user&a=login&username=382709807@qq.com&password=123456
INFO: [ app_init ] --START--
INFO: Run Behavior\BuildLiteBehavior [ RunTime:0.000008s ]
INFO: [ app_init ] --END-- [ RunTime:0.000376s ]
INFO: [ app_begin ] --START--
INFO: Run Behavior\ReadHtmlCacheBehavior [ RunTime:0.000511s ]
INFO: [ app_begin ] --END-- [ RunTime:0.000541s ]
SQL: SHOW COLUMNS FROM `member` [ RunTime:0.000963s ]
ERR: 1146:Table 'php2018.member' doesn't exist
 [ SQL语句 ] : SHOW COLUMNS FROM `member`
SQL: SELECT * FROM `member`  [ RunTime:0.000446s ]
ERR: 1146:Table 'php2018.member' doesn't exist
 [ SQL语句 ] : SELECT * FROM `member` 

[ 2018-07-16T22:03:13+08:00 ] 127.0.0.1 /index.php?m=home&c=user&a=login&username=382709807@qq.com&password=123456
INFO: [ app_init ] --START--
INFO: Run Behavior\BuildLiteBehavior [ RunTime:0.000013s ]
INFO: [ app_init ] --END-- [ RunTime:0.000558s ]
INFO: [ app_begin ] --START--
INFO: Run Behavior\ReadHtmlCacheBehavior [ RunTime:0.000749s ]
INFO: [ app_begin ] --END-- [ RunTime:0.000793s ]
SQL: SHOW COLUMNS FROM `member` [ RunTime:0.000539s ]
ERR: 1146:Table 'php2018.member' doesn't exist
 [ SQL语句 ] : SHOW COLUMNS FROM `member`
SQL: SELECT * FROM `member`  [ RunTime:0.000230s ]
ERR: 1146:Table 'php2018.member' doesn't exist
 [ SQL语句 ] : SELECT * FROM `member` 

[ 2018-07-16T22:03:13+08:00 ] 127.0.0.1 /index.php?m=home&c=user&a=login&username=382709807@qq.com&password=123456
INFO: [ app_init ] --START--
INFO: Run Behavior\BuildLiteBehavior [ RunTime:0.000008s ]
INFO: [ app_init ] --END-- [ RunTime:0.000347s ]
INFO: [ app_begin ] --START--
INFO: Run Behavior\ReadHtmlCacheBehavior [ RunTime:0.000484s ]
INFO: [ app_begin ] --END-- [ RunTime:0.000511s ]
SQL: SHOW COLUMNS FROM `member` [ RunTime:0.000591s ]
ERR: 1146:Table 'php2018.member' doesn't exist
 [ SQL语句 ] : SHOW COLUMNS FROM `member`
SQL: SELECT * FROM `member`  [ RunTime:0.000257s ]
ERR: 1146:Table 'php2018.member' doesn't exist
 [ SQL语句 ] : SELECT * FROM `member` 

[ 2018-07-16T22:03:13+08:00 ] 127.0.0.1 /index.php?m=home&c=user&a=login&username=382709807@qq.com&password=123456
INFO: [ app_init ] --START--
INFO: Run Behavior\BuildLiteBehavior [ RunTime:0.000010s ]
INFO: [ app_init ] --END-- [ RunTime:0.000422s ]
INFO: [ app_begin ] --START--
INFO: Run Behavior\ReadHtmlCacheBehavior [ RunTime:0.000899s ]
INFO: [ app_begin ] --END-- [ RunTime:0.000949s ]
SQL: SHOW COLUMNS FROM `member` [ RunTime:0.000604s ]
ERR: 1146:Table 'php2018.member' doesn't exist
 [ SQL语句 ] : SHOW COLUMNS FROM `member`
SQL: SELECT * FROM `member`  [ RunTime:0.000257s ]
ERR: 1146:Table 'php2018.member' doesn't exist
 [ SQL语句 ] : SELECT * FROM `member` 

[ 2018-07-16T22:03:13+08:00 ] 127.0.0.1 /index.php?m=home&c=user&a=login&username=382709807@qq.com&password=123456
INFO: [ app_init ] --START--
INFO: Run Behavior\BuildLiteBehavior [ RunTime:0.000008s ]
INFO: [ app_init ] --END-- [ RunTime:0.000352s ]
INFO: [ app_begin ] --START--
INFO: Run Behavior\ReadHtmlCacheBehavior [ RunTime:0.000480s ]
INFO: [ app_begin ] --END-- [ RunTime:0.000508s ]
SQL: SHOW COLUMNS FROM `member` [ RunTime:0.000633s ]
ERR: 1146:Table 'php2018.member' doesn't exist
 [ SQL语句 ] : SHOW COLUMNS FROM `member`
SQL: SELECT * FROM `member`  [ RunTime:0.000249s ]
ERR: 1146:Table 'php2018.member' doesn't exist
 [ SQL语句 ] : SELECT * FROM `member` 

[ 2018-07-16T22:03:14+08:00 ] 127.0.0.1 /index.php?m=home&c=user&a=login&username=382709807@qq.com&password=123456
INFO: [ app_init ] --START--
INFO: Run Behavior\BuildLiteBehavior [ RunTime:0.000007s ]
INFO: [ app_init ] --END-- [ RunTime:0.000310s ]
INFO: [ app_begin ] --START--
INFO: Run Behavior\ReadHtmlCacheBehavior [ RunTime:0.000487s ]
INFO: [ app_begin ] --END-- [ RunTime:0.000519s ]
SQL: SHOW COLUMNS FROM `member` [ RunTime:0.000548s ]
ERR: 1146:Table 'php2018.member' doesn't exist
 [ SQL语句 ] : SHOW COLUMNS FROM `member`
SQL: SELECT * FROM `member`  [ RunTime:0.000188s ]
ERR: 1146:Table 'php2018.member' doesn't exist
 [ SQL语句 ] : SELECT * FROM `member` 

[ 2018-07-16T22:03:14+08:00 ] 127.0.0.1 /index.php?m=home&c=user&a=login&username=382709807@qq.com&password=123456
INFO: [ app_init ] --START--
INFO: Run Behavior\BuildLiteBehavior [ RunTime:0.000010s ]
INFO: [ app_init ] --END-- [ RunTime:0.000399s ]
INFO: [ app_begin ] --START--
INFO: Run Behavior\ReadHtmlCacheBehavior [ RunTime:0.000533s ]
INFO: [ app_begin ] --END-- [ RunTime:0.000566s ]
SQL: SHOW COLUMNS FROM `member` [ RunTime:0.000581s ]
ERR: 1146:Table 'php2018.member' doesn't exist
 [ SQL语句 ] : SHOW COLUMNS FROM `member`
SQL: SELECT * FROM `member`  [ RunTime:0.000298s ]
ERR: 1146:Table 'php2018.member' doesn't exist
 [ SQL语句 ] : SELECT * FROM `member` 

[ 2018-07-16T22:03:15+08:00 ] 127.0.0.1 /index.php?m=home&c=user&a=login&username=382709807@qq.com&password=123456
INFO: [ app_init ] --START--
INFO: Run Behavior\BuildLiteBehavior [ RunTime:0.000007s ]
INFO: [ app_init ] --END-- [ RunTime:0.000329s ]
INFO: [ app_begin ] --START--
INFO: Run Behavior\ReadHtmlCacheBehavior [ RunTime:0.000461s ]
INFO: [ app_begin ] --END-- [ RunTime:0.000491s ]
SQL: SHOW COLUMNS FROM `member` [ RunTime:0.000635s ]
ERR: 1146:Table 'php2018.member' doesn't exist
 [ SQL语句 ] : SHOW COLUMNS FROM `member`
SQL: SELECT * FROM `member`  [ RunTime:0.000263s ]
ERR: 1146:Table 'php2018.member' doesn't exist
 [ SQL语句 ] : SELECT * FROM `member` 

[ 2018-07-16T22:03:15+08:00 ] 127.0.0.1 /index.php?m=home&c=user&a=login&username=382709807@qq.com&password=123456
INFO: [ app_init ] --START--
INFO: Run Behavior\BuildLiteBehavior [ RunTime:0.000008s ]
INFO: [ app_init ] --END-- [ RunTime:0.000355s ]
INFO: [ app_begin ] --START--
INFO: Run Behavior\ReadHtmlCacheBehavior [ RunTime:0.000481s ]
INFO: [ app_begin ] --END-- [ RunTime:0.000508s ]
SQL: SHOW COLUMNS FROM `member` [ RunTime:0.000735s ]
ERR: 1146:Table 'php2018.member' doesn't exist
 [ SQL语句 ] : SHOW COLUMNS FROM `member`
SQL: SELECT * FROM `member`  [ RunTime:0.000246s ]
ERR: 1146:Table 'php2018.member' doesn't exist
 [ SQL语句 ] : SELECT * FROM `member` 

[ 2018-07-16T22:03:17+08:00 ] 127.0.0.1 /index.php?m=home&c=user&a=login&username=382709807@qq.com&password=123456
INFO: [ app_init ] --START--
INFO: Run Behavior\BuildLiteBehavior [ RunTime:0.000009s ]
INFO: [ app_init ] --END-- [ RunTime:0.000399s ]
INFO: [ app_begin ] --START--
INFO: Run Behavior\ReadHtmlCacheBehavior [ RunTime:0.000477s ]
INFO: [ app_begin ] --END-- [ RunTime:0.000505s ]
SQL: SHOW COLUMNS FROM `member` [ RunTime:0.001442s ]
ERR: 1146:Table 'php2018.member' doesn't exist
 [ SQL语句 ] : SHOW COLUMNS FROM `member`
SQL: SELECT * FROM `member`  [ RunTime:0.000599s ]
ERR: 1146:Table 'php2018.member' doesn't exist
 [ SQL语句 ] : SELECT * FROM `member` 

[ 2018-07-16T22:03:18+08:00 ] 127.0.0.1 /index.php?m=home&c=user&a=login&username=382709807@qq.com&password=123456
INFO: [ app_init ] --START--
INFO: Run Behavior\BuildLiteBehavior [ RunTime:0.000012s ]
INFO: [ app_init ] --END-- [ RunTime:0.000781s ]
INFO: [ app_begin ] --START--
INFO: Run Behavior\ReadHtmlCacheBehavior [ RunTime:0.000784s ]
INFO: [ app_begin ] --END-- [ RunTime:0.000838s ]
SQL: SHOW COLUMNS FROM `member` [ RunTime:0.001133s ]
ERR: 1146:Table 'php2018.member' doesn't exist
 [ SQL语句 ] : SHOW COLUMNS FROM `member`
SQL: SELECT * FROM `member`  [ RunTime:0.000529s ]
ERR: 1146:Table 'php2018.member' doesn't exist
 [ SQL语句 ] : SELECT * FROM `member` 

[ 2018-07-16T22:03:18+08:00 ] 127.0.0.1 /index.php?m=home&c=user&a=login&username=382709807@qq.com&password=123456
INFO: [ app_init ] --START--
INFO: Run Behavior\BuildLiteBehavior [ RunTime:0.000013s ]
INFO: [ app_init ] --END-- [ RunTime:0.000565s ]
INFO: [ app_begin ] --START--
INFO: Run Behavior\ReadHtmlCacheBehavior [ RunTime:0.000938s ]
INFO: [ app_begin ] --END-- [ RunTime:0.000988s ]
SQL: SHOW COLUMNS FROM `member` [ RunTime:0.000785s ]
ERR: 1146:Table 'php2018.member' doesn't exist
 [ SQL语句 ] : SHOW COLUMNS FROM `member`
SQL: SELECT * FROM `member`  [ RunTime:0.000384s ]
ERR: 1146:Table 'php2018.member' doesn't exist
 [ SQL语句 ] : SELECT * FROM `member` 

[ 2018-07-16T22:04:01+08:00 ] 127.0.0.1 /index.php?m=home&c=user&a=login&username=382709807@qq.com&password=123456
INFO: [ app_init ] --START--
INFO: Run Behavior\BuildLiteBehavior [ RunTime:0.000008s ]
INFO: [ app_init ] --END-- [ RunTime:0.000288s ]
INFO: [ app_begin ] --START--
INFO: Run Behavior\ReadHtmlCacheBehavior [ RunTime:0.000400s ]
INFO: [ app_begin ] --END-- [ RunTime:0.000423s ]
SQL: SHOW COLUMNS FROM `member` [ RunTime:0.000807s ]
ERR: 1146:Table 'php2018.member' doesn't exist
 [ SQL语句 ] : SHOW COLUMNS FROM `member`
SQL: SELECT * FROM `member` WHERE ( `email` = '382709807@qq.com' ) LIMIT 1   [ RunTime:0.000357s ]
ERR: 1146:Table 'php2018.member' doesn't exist
 [ SQL语句 ] : SELECT * FROM `member` WHERE ( `email` = '382709807@qq.com' ) LIMIT 1  
NOTIC: [2] Cannot modify header information - headers already sent by (output started at D:\server\Web\Api\Application\Home\Controller\UserController.class.php:20) D:\server\Web\Api\ThinkPHP\Library\Think\Controller.class.php 第 214 行.

[ 2018-07-16T22:04:15+08:00 ] 127.0.0.1 /index.php?m=home&c=user&a=login&username=382709807@qq.com&password=123456
INFO: [ app_init ] --START--
INFO: Run Behavior\BuildLiteBehavior [ RunTime:0.000008s ]
INFO: [ app_init ] --END-- [ RunTime:0.000348s ]
INFO: [ app_begin ] --START--
INFO: Run Behavior\ReadHtmlCacheBehavior [ RunTime:0.000465s ]
INFO: [ app_begin ] --END-- [ RunTime:0.000493s ]
SQL: SHOW COLUMNS FROM `member` [ RunTime:0.001312s ]
ERR: 1146:Table 'php2018.member' doesn't exist
 [ SQL语句 ] : SHOW COLUMNS FROM `member`
SQL: SELECT * FROM `member` WHERE ( `email` = '382709807@qq.com' ) LIMIT 1   [ RunTime:0.000467s ]
ERR: 1146:Table 'php2018.member' doesn't exist
 [ SQL语句 ] : SELECT * FROM `member` WHERE ( `email` = '382709807@qq.com' ) LIMIT 1  

[ 2018-07-16T22:05:40+08:00 ] 127.0.0.1 /index.php?m=home&c=user&a=login&username=382709807@qq.com&password=123456
INFO: [ app_init ] --START--
INFO: Run Behavior\BuildLiteBehavior [ RunTime:0.000011s ]
INFO: [ app_init ] --END-- [ RunTime:0.000417s ]
INFO: [ app_begin ] --START--
INFO: Run Behavior\ReadHtmlCacheBehavior [ RunTime:0.000969s ]
INFO: [ app_begin ] --END-- [ RunTime:0.001032s ]
SQL: SHOW COLUMNS FROM `member` [ RunTime:0.000623s ]
ERR: 1146:Table 'php2018.member' doesn't exist
 [ SQL语句 ] : SHOW COLUMNS FROM `member`
SQL: SELECT * FROM `member` WHERE ( `email` = '382709807@qq.com' ) LIMIT 1   [ RunTime:0.000266s ]
ERR: 1146:Table 'php2018.member' doesn't exist
 [ SQL语句 ] : SELECT * FROM `member` WHERE ( `email` = '382709807@qq.com' ) LIMIT 1  

[ 2018-07-16T22:05:49+08:00 ] 127.0.0.1 /index.php?m=home&c=user&a=login&username=382709807@qq.com&password=123456
INFO: [ app_init ] --START--
INFO: Run Behavior\BuildLiteBehavior [ RunTime:0.000009s ]
INFO: [ app_init ] --END-- [ RunTime:0.000479s ]
INFO: [ app_begin ] --START--
INFO: Run Behavior\ReadHtmlCacheBehavior [ RunTime:0.004402s ]
INFO: [ app_begin ] --END-- [ RunTime:0.004452s ]
SQL: SHOW COLUMNS FROM `member` [ RunTime:0.000573s ]
ERR: 1146:Table 'php2018.member' doesn't exist
 [ SQL语句 ] : SHOW COLUMNS FROM `member`
SQL: SELECT * FROM `member` WHERE ( `email` = '382709807@qq.com' ) LIMIT 1   [ RunTime:0.000249s ]
ERR: 1146:Table 'php2018.member' doesn't exist
 [ SQL语句 ] : SELECT * FROM `member` WHERE ( `email` = '382709807@qq.com' ) LIMIT 1  

[ 2018-07-16T22:06:16+08:00 ] 127.0.0.1 /index.php?m=home&c=user&a=login&username=382709807@qq.com&password=123456
INFO: [ app_init ] --START--
INFO: Run Behavior\BuildLiteBehavior [ RunTime:0.000010s ]
INFO: [ app_init ] --END-- [ RunTime:0.000390s ]
INFO: [ app_begin ] --START--
INFO: Run Behavior\ReadHtmlCacheBehavior [ RunTime:0.000612s ]
INFO: [ app_begin ] --END-- [ RunTime:0.000640s ]
SQL: SHOW COLUMNS FROM `member` [ RunTime:0.001389s ]
ERR: 1146:Table 'php2018.member' doesn't exist
 [ SQL语句 ] : SHOW COLUMNS FROM `member`
SQL: SELECT * FROM `member` WHERE ( `email` = '382709807@qq.com' ) LIMIT 1   [ RunTime:0.000548s ]
ERR: 1146:Table 'php2018.member' doesn't exist
 [ SQL语句 ] : SELECT * FROM `member` WHERE ( `email` = '382709807@qq.com' ) LIMIT 1  

[ 2018-07-16T22:06:17+08:00 ] 127.0.0.1 /index.php?m=home&c=user&a=login&username=382709807@qq.com&password=123456
INFO: [ app_init ] --START--
INFO: Run Behavior\BuildLiteBehavior [ RunTime:0.000007s ]
INFO: [ app_init ] --END-- [ RunTime:0.000345s ]
INFO: [ app_begin ] --START--
INFO: Run Behavior\ReadHtmlCacheBehavior [ RunTime:0.000470s ]
INFO: [ app_begin ] --END-- [ RunTime:0.000496s ]
SQL: SHOW COLUMNS FROM `member` [ RunTime:0.000793s ]
ERR: 1146:Table 'php2018.member' doesn't exist
 [ SQL语句 ] : SHOW COLUMNS FROM `member`
SQL: SELECT * FROM `member` WHERE ( `email` = '382709807@qq.com' ) LIMIT 1   [ RunTime:0.000388s ]
ERR: 1146:Table 'php2018.member' doesn't exist
 [ SQL语句 ] : SELECT * FROM `member` WHERE ( `email` = '382709807@qq.com' ) LIMIT 1  

[ 2018-07-16T22:07:17+08:00 ] 127.0.0.1 /index.php?m=home&c=user&a=login&username=382709807@qq.com&password=
INFO: [ app_init ] --START--
INFO: Run Behavior\BuildLiteBehavior [ RunTime:0.000009s ]
INFO: [ app_init ] --END-- [ RunTime:0.000338s ]
INFO: [ app_begin ] --START--
INFO: Run Behavior\ReadHtmlCacheBehavior [ RunTime:0.000450s ]
INFO: [ app_begin ] --END-- [ RunTime:0.000479s ]

[ 2018-07-16T22:07:21+08:00 ] 127.0.0.1 /index.php?m=home&c=user&a=login&username=382709807@qq.com&password=123456
INFO: [ app_init ] --START--
INFO: Run Behavior\BuildLiteBehavior [ RunTime:0.000008s ]
INFO: [ app_init ] --END-- [ RunTime:0.000333s ]
INFO: [ app_begin ] --START--
INFO: Run Behavior\ReadHtmlCacheBehavior [ RunTime:0.000383s ]
INFO: [ app_begin ] --END-- [ RunTime:0.000405s ]
SQL: SHOW COLUMNS FROM `member` [ RunTime:0.000573s ]
ERR: 1146:Table 'php2018.member' doesn't exist
 [ SQL语句 ] : SHOW COLUMNS FROM `member`
SQL: SELECT * FROM `member` WHERE ( `email` = '382709807@qq.com' ) LIMIT 1   [ RunTime:0.000259s ]
ERR: 1146:Table 'php2018.member' doesn't exist
 [ SQL语句 ] : SELECT * FROM `member` WHERE ( `email` = '382709807@qq.com' ) LIMIT 1  

[ 2018-07-16T22:07:41+08:00 ] 127.0.0.1 /index.php?m=home&c=user&a=login&username=382709807@qq.com&password=123456
INFO: [ app_init ] --START--
INFO: Run Behavior\BuildLiteBehavior [ RunTime:0.000008s ]
INFO: [ app_init ] --END-- [ RunTime:0.000403s ]
INFO: [ app_begin ] --START--
INFO: Run Behavior\ReadHtmlCacheBehavior [ RunTime:0.000751s ]
INFO: [ app_begin ] --END-- [ RunTime:0.000789s ]
SQL: SHOW COLUMNS FROM `member` [ RunTime:0.000637s ]
ERR: 1146:Table 'php2018.member' doesn't exist
 [ SQL语句 ] : SHOW COLUMNS FROM `member`
SQL: SELECT * FROM `member` WHERE ( `email` = '382709807@qq.com' ) LIMIT 1   [ RunTime:0.000301s ]
ERR: 1146:Table 'php2018.member' doesn't exist
 [ SQL语句 ] : SELECT * FROM `member` WHERE ( `email` = '382709807@qq.com' ) LIMIT 1  

[ 2018-07-16T22:07:42+08:00 ] 127.0.0.1 /index.php?m=home&c=user&a=login&username=382709807@qq.com&password=123456
INFO: [ app_init ] --START--
INFO: Run Behavior\BuildLiteBehavior [ RunTime:0.000009s ]
INFO: [ app_init ] --END-- [ RunTime:0.000383s ]
INFO: [ app_begin ] --START--
INFO: Run Behavior\ReadHtmlCacheBehavior [ RunTime:0.000526s ]
INFO: [ app_begin ] --END-- [ RunTime:0.000561s ]
SQL: SHOW COLUMNS FROM `member` [ RunTime:0.000548s ]
ERR: 1146:Table 'php2018.member' doesn't exist
 [ SQL语句 ] : SHOW COLUMNS FROM `member`
SQL: SELECT * FROM `member` WHERE ( `email` = '382709807@qq.com' ) LIMIT 1   [ RunTime:0.000294s ]
ERR: 1146:Table 'php2018.member' doesn't exist
 [ SQL语句 ] : SELECT * FROM `member` WHERE ( `email` = '382709807@qq.com' ) LIMIT 1  

[ 2018-07-16T22:08:38+08:00 ] 127.0.0.1 /index.php?m=home&c=user&a=login&username=382709807@qq.com&password=123456
INFO: [ app_init ] --START--
INFO: Run Behavior\BuildLiteBehavior [ RunTime:0.000009s ]
INFO: [ app_init ] --END-- [ RunTime:0.000348s ]
INFO: [ app_begin ] --START--
INFO: Run Behavior\ReadHtmlCacheBehavior [ RunTime:0.000485s ]
INFO: [ app_begin ] --END-- [ RunTime:0.000512s ]
ERR: 系统不支持:mysql

[ 2018-07-16T22:08:39+08:00 ] 127.0.0.1 /index.php?m=home&c=user&a=login&username=382709807@qq.com&password=123456
INFO: [ app_init ] --START--
INFO: Run Behavior\BuildLiteBehavior [ RunTime:0.000010s ]
INFO: [ app_init ] --END-- [ RunTime:0.000406s ]
INFO: [ app_begin ] --START--
INFO: Run Behavior\ReadHtmlCacheBehavior [ RunTime:0.000523s ]
INFO: [ app_begin ] --END-- [ RunTime:0.000554s ]
ERR: 系统不支持:mysql

[ 2018-07-16T22:08:47+08:00 ] 127.0.0.1 /index.php?m=home&c=user&a=login&username=382709807@qq.com&password=123456
INFO: [ app_init ] --START--
INFO: Run Behavior\BuildLiteBehavior [ RunTime:0.000008s ]
INFO: [ app_init ] --END-- [ RunTime:0.000343s ]
INFO: [ app_begin ] --START--
INFO: Run Behavior\ReadHtmlCacheBehavior [ RunTime:0.000497s ]
INFO: [ app_begin ] --END-- [ RunTime:0.000531s ]
SQL: SHOW COLUMNS FROM `member` [ RunTime:0.000611s ]
ERR: 1146:Table 'php2018.member' doesn't exist
 [ SQL语句 ] : SHOW COLUMNS FROM `member`
SQL: SELECT * FROM `member` WHERE ( `email` = '382709807@qq.com' ) LIMIT 1   [ RunTime:0.000211s ]
ERR: 1146:Table 'php2018.member' doesn't exist
 [ SQL语句 ] : SELECT * FROM `member` WHERE ( `email` = '382709807@qq.com' ) LIMIT 1  

[ 2018-07-16T22:09:08+08:00 ] 127.0.0.1 /index.php?m=home&c=user&a=login&username=382709807@qq.com&password=123456
INFO: [ app_init ] --START--
INFO: Run Behavior\BuildLiteBehavior [ RunTime:0.000020s ]
INFO: [ app_init ] --END-- [ RunTime:0.000552s ]
INFO: [ app_begin ] --START--
INFO: Run Behavior\ReadHtmlCacheBehavior [ RunTime:0.000734s ]
INFO: [ app_begin ] --END-- [ RunTime:0.000771s ]
SQL: SHOW COLUMNS FROM `member` [ RunTime:0.001182s ]
ERR: 1146:Table 'php2018.member' doesn't exist
 [ SQL语句 ] : SHOW COLUMNS FROM `member`
SQL: SELECT * FROM `member` WHERE ( `email` = '382709807@qq.com' ) LIMIT 1   [ RunTime:0.000527s ]
ERR: 1146:Table 'php2018.member' doesn't exist
 [ SQL语句 ] : SELECT * FROM `member` WHERE ( `email` = '382709807@qq.com' ) LIMIT 1  

[ 2018-07-16T22:09:51+08:00 ] 127.0.0.1 /index.php?m=home&c=user&a=login&username=382709807@qq.com&password=123456
INFO: [ app_init ] --START--
INFO: Run Behavior\BuildLiteBehavior [ RunTime:0.000010s ]
INFO: [ app_init ] --END-- [ RunTime:0.000387s ]
INFO: [ app_begin ] --START--
INFO: Run Behavior\ReadHtmlCacheBehavior [ RunTime:0.000635s ]
INFO: [ app_begin ] --END-- [ RunTime:0.000663s ]
SQL: SHOW COLUMNS FROM `member` [ RunTime:0.000687s ]
ERR: 1146:Table 'php2018.member' doesn't exist
 [ SQL语句 ] : SHOW COLUMNS FROM `member`
SQL: SELECT * FROM `member` WHERE ( `email` = '382709807@qq.com' ) LIMIT 1   [ RunTime:0.000296s ]
ERR: 1146:Table 'php2018.member' doesn't exist
 [ SQL语句 ] : SELECT * FROM `member` WHERE ( `email` = '382709807@qq.com' ) LIMIT 1  

[ 2018-07-16T22:10:13+08:00 ] 127.0.0.1 /index.php?m=home&c=user&a=login&username=382709807@qq.com&password=123456
INFO: [ app_init ] --START--
INFO: Run Behavior\BuildLiteBehavior [ RunTime:0.000007s ]
INFO: [ app_init ] --END-- [ RunTime:0.000278s ]
INFO: [ app_begin ] --START--
INFO: Run Behavior\ReadHtmlCacheBehavior [ RunTime:0.000416s ]
INFO: [ app_begin ] --END-- [ RunTime:0.000439s ]
SQL: SHOW COLUMNS FROM `member` [ RunTime:0.000699s ]
ERR: 1146:Table 'php2018.member' doesn't exist
 [ SQL语句 ] : SHOW COLUMNS FROM `member`
SQL: SELECT * FROM `member`  [ RunTime:0.000336s ]
ERR: 1146:Table 'php2018.member' doesn't exist
 [ SQL语句 ] : SELECT * FROM `member` 

[ 2018-07-16T22:10:13+08:00 ] 127.0.0.1 /index.php?m=home&c=user&a=login&username=382709807@qq.com&password=123456
INFO: [ app_init ] --START--
INFO: Run Behavior\BuildLiteBehavior [ RunTime:0.000009s ]
INFO: [ app_init ] --END-- [ RunTime:0.000378s ]
INFO: [ app_begin ] --START--
INFO: Run Behavior\ReadHtmlCacheBehavior [ RunTime:0.000518s ]
INFO: [ app_begin ] --END-- [ RunTime:0.000550s ]
SQL: SHOW COLUMNS FROM `member` [ RunTime:0.000510s ]
ERR: 1146:Table 'php2018.member' doesn't exist
 [ SQL语句 ] : SHOW COLUMNS FROM `member`
SQL: SELECT * FROM `member`  [ RunTime:0.000184s ]
ERR: 1146:Table 'php2018.member' doesn't exist
 [ SQL语句 ] : SELECT * FROM `member` 

[ 2018-07-16T22:10:14+08:00 ] 127.0.0.1 /index.php?m=home&c=user&a=login&username=382709807@qq.com&password=123456
INFO: [ app_init ] --START--
INFO: Run Behavior\BuildLiteBehavior [ RunTime:0.000008s ]
INFO: [ app_init ] --END-- [ RunTime:0.000326s ]
INFO: [ app_begin ] --START--
INFO: Run Behavior\ReadHtmlCacheBehavior [ RunTime:0.000459s ]
INFO: [ app_begin ] --END-- [ RunTime:0.000487s ]
SQL: SHOW COLUMNS FROM `member` [ RunTime:0.000599s ]
ERR: 1146:Table 'php2018.member' doesn't exist
 [ SQL语句 ] : SHOW COLUMNS FROM `member`
SQL: SELECT * FROM `member`  [ RunTime:0.000237s ]
ERR: 1146:Table 'php2018.member' doesn't exist
 [ SQL语句 ] : SELECT * FROM `member` 

[ 2018-07-16T22:10:14+08:00 ] 127.0.0.1 /index.php?m=home&c=user&a=login&username=382709807@qq.com&password=123456
INFO: [ app_init ] --START--
INFO: Run Behavior\BuildLiteBehavior [ RunTime:0.000008s ]
INFO: [ app_init ] --END-- [ RunTime:0.000361s ]
INFO: [ app_begin ] --START--
INFO: Run Behavior\ReadHtmlCacheBehavior [ RunTime:0.000501s ]
INFO: [ app_begin ] --END-- [ RunTime:0.000528s ]
SQL: SHOW COLUMNS FROM `member` [ RunTime:0.000892s ]
ERR: 1146:Table 'php2018.member' doesn't exist
 [ SQL语句 ] : SHOW COLUMNS FROM `member`
SQL: SELECT * FROM `member`  [ RunTime:0.000371s ]
ERR: 1146:Table 'php2018.member' doesn't exist
 [ SQL语句 ] : SELECT * FROM `member` 

[ 2018-07-16T22:10:14+08:00 ] 127.0.0.1 /index.php?m=home&c=user&a=login&username=382709807@qq.com&password=123456
INFO: [ app_init ] --START--
INFO: Run Behavior\BuildLiteBehavior [ RunTime:0.000007s ]
INFO: [ app_init ] --END-- [ RunTime:0.000327s ]
INFO: [ app_begin ] --START--
INFO: Run Behavior\ReadHtmlCacheBehavior [ RunTime:0.000765s ]
INFO: [ app_begin ] --END-- [ RunTime:0.000823s ]
SQL: SHOW COLUMNS FROM `member` [ RunTime:0.000617s ]
ERR: 1146:Table 'php2018.member' doesn't exist
 [ SQL语句 ] : SHOW COLUMNS FROM `member`
SQL: SELECT * FROM `member`  [ RunTime:0.000268s ]
ERR: 1146:Table 'php2018.member' doesn't exist
 [ SQL语句 ] : SELECT * FROM `member` 

[ 2018-07-16T22:10:14+08:00 ] 127.0.0.1 /index.php?m=home&c=user&a=login&username=382709807@qq.com&password=123456
INFO: [ app_init ] --START--
INFO: Run Behavior\BuildLiteBehavior [ RunTime:0.000009s ]
INFO: [ app_init ] --END-- [ RunTime:0.000354s ]
INFO: [ app_begin ] --START--
INFO: Run Behavior\ReadHtmlCacheBehavior [ RunTime:0.000480s ]
INFO: [ app_begin ] --END-- [ RunTime:0.000508s ]
SQL: SHOW COLUMNS FROM `member` [ RunTime:0.000878s ]
ERR: 1146:Table 'php2018.member' doesn't exist
 [ SQL语句 ] : SHOW COLUMNS FROM `member`
SQL: SELECT * FROM `member`  [ RunTime:0.000472s ]
ERR: 1146:Table 'php2018.member' doesn't exist
 [ SQL语句 ] : SELECT * FROM `member` 

[ 2018-07-16T22:13:45+08:00 ] 127.0.0.1 /index.php?m=home&c=user&a=login&username=382709807@qq.com&password=123456
INFO: [ app_init ] --START--
INFO: Run Behavior\BuildLiteBehavior [ RunTime:0.000009s ]
INFO: [ app_init ] --END-- [ RunTime:0.000389s ]
INFO: [ app_begin ] --START--
INFO: Run Behavior\ReadHtmlCacheBehavior [ RunTime:0.000829s ]
INFO: [ app_begin ] --END-- [ RunTime:0.000872s ]
SQL: SHOW COLUMNS FROM `member` [ RunTime:0.000547s ]
ERR: 1146:Table 'php2018.member' doesn't exist
 [ SQL语句 ] : SHOW COLUMNS FROM `member`
SQL: SELECT * FROM `member` WHERE ( `email` = '382709807@qq.com' ) LIMIT 1   [ RunTime:0.000184s ]
ERR: 1146:Table 'php2018.member' doesn't exist
 [ SQL语句 ] : SELECT * FROM `member` WHERE ( `email` = '382709807@qq.com' ) LIMIT 1  
NOTIC: [2] Cannot modify header information - headers already sent by (output started at D:\server\Web\Api\Application\Home\Controller\UserController.class.php:20) D:\server\Web\Api\ThinkPHP\Library\Think\Controller.class.php 第 214 行.

[ 2018-07-16T22:14:02+08:00 ] 127.0.0.1 /index.php?m=home&c=user&a=login&username=382709807@qq.com&password=123456
INFO: [ app_init ] --START--
INFO: Run Behavior\BuildLiteBehavior [ RunTime:0.000011s ]
INFO: [ app_init ] --END-- [ RunTime:0.000564s ]
INFO: [ app_begin ] --START--
INFO: Run Behavior\ReadHtmlCacheBehavior [ RunTime:0.000889s ]
INFO: [ app_begin ] --END-- [ RunTime:0.000948s ]
SQL: SHOW COLUMNS FROM `member` [ RunTime:0.000472s ]
ERR: 1146:Table 'php2018.member' doesn't exist
 [ SQL语句 ] : SHOW COLUMNS FROM `member`
SQL: SELECT * FROM `member` WHERE ( `email` = '382709807@qq.com' ) LIMIT 1   [ RunTime:0.000179s ]
ERR: 1146:Table 'php2018.member' doesn't exist
 [ SQL语句 ] : SELECT * FROM `member` WHERE ( `email` = '382709807@qq.com' ) LIMIT 1  
NOTIC: [2] Cannot modify header information - headers already sent by (output started at D:\server\Web\Api\Application\Home\Controller\UserController.class.php:20) D:\server\Web\Api\ThinkPHP\Library\Think\Controller.class.php 第 214 行.

[ 2018-07-16T22:15:28+08:00 ] 127.0.0.1 /index.php?m=home&c=user&a=login&username=382709807@qq.com&password=123456
INFO: [ app_init ] --START--
INFO: Run Behavior\BuildLiteBehavior [ RunTime:0.000009s ]
INFO: [ app_init ] --END-- [ RunTime:0.000301s ]
INFO: [ app_begin ] --START--
INFO: Run Behavior\ReadHtmlCacheBehavior [ RunTime:0.011705s ]
INFO: [ app_begin ] --END-- [ RunTime:0.011743s ]
SQL: SHOW COLUMNS FROM `php2018_member` [ RunTime:0.024969s ]
SQL: SELECT * FROM `php2018_member` WHERE ( `email` = '382709807@qq.com' ) LIMIT 1   [ RunTime:0.001109s ]

[ 2018-07-16T22:15:47+08:00 ] 127.0.0.1 /index.php?m=home&c=user&a=login&username=382709807@qq.com&password=123456
INFO: [ app_init ] --START--
INFO: Run Behavior\BuildLiteBehavior [ RunTime:0.000009s ]
INFO: [ app_init ] --END-- [ RunTime:0.000468s ]
INFO: [ app_begin ] --START--
INFO: Run Behavior\ReadHtmlCacheBehavior [ RunTime:0.000680s ]
INFO: [ app_begin ] --END-- [ RunTime:0.000712s ]
SQL: SHOW COLUMNS FROM `php2018_member` [ RunTime:0.000709s ]
SQL: SELECT * FROM `php2018_member` WHERE ( `email` = '382709807@qq.com' ) LIMIT 1   [ RunTime:0.000317s ]

[ 2018-07-16T22:32:53+08:00 ] 127.0.0.1 /index.php?m=home&c=user&a=login&username=382709807@qq.com&password=123456
INFO: [ app_init ] --START--
INFO: Run Behavior\BuildLiteBehavior [ RunTime:0.000009s ]
INFO: [ app_init ] --END-- [ RunTime:0.000353s ]
INFO: [ app_begin ] --START--
INFO: Run Behavior\ReadHtmlCacheBehavior [ RunTime:0.000533s ]
INFO: [ app_begin ] --END-- [ RunTime:0.000556s ]
SQL: SHOW COLUMNS FROM `php2018_member` [ RunTime:0.012032s ]
SQL: SELECT * FROM `php2018_member` WHERE ( `email` = '382709807@qq.com' ) LIMIT 1   [ RunTime:0.000512s ]

[ 2018-07-16T23:07:46+08:00 ] 127.0.0.1 /index.php?m=home&c=user&a=login&username=382709807@qq.com&password=123456
INFO: [ app_init ] --START--
INFO: Run Behavior\BuildLiteBehavior [ RunTime:0.000105s ]
INFO: [ app_init ] --END-- [ RunTime:0.000508s ]
INFO: [ app_begin ] --START--
INFO: Run Behavior\ReadHtmlCacheBehavior [ RunTime:0.000818s ]
INFO: [ app_begin ] --END-- [ RunTime:0.000847s ]
SQL: SHOW COLUMNS FROM `php2018_member` [ RunTime:0.003872s ]
SQL: SELECT * FROM `php2018_member` WHERE ( `email` = '382709807@qq.com' ) LIMIT 1   [ RunTime:0.001200s ]

